//----------------------------------------------------------------------------//
// Generated by LegUp High-Level Synthesis Tool Version 4.0 (http://legup.org)
// Compiled: Mon Jun  5 16:23:28 2017
// University of Toronto
// For research and academic purposes only. Commercial use is prohibited.
// Please send bugs to: legup@eecg.toronto.edu
// Date: Tue Jun 13 15:04:24 2017
//----------------------------------------------------------------------------//

allocateRAM: @g_2
Constant: 0
allocateRAM: @.str
Constant: 1
allocateRAM: @g_12
Constant: 0
allocateRAM: @.str1
Constant: 1
allocateRAM: @g_34
Constant: 0
allocateRAM: @.str2
Constant: 1
allocateRAM: @g_44
Constant: 0
allocateRAM: @.str4
Constant: 1
allocateRAM: @g_61
Constant: 0
allocateRAM: @.str5
Constant: 1
allocateRAM: @g_77
Constant: 0
allocateRAM: @.str7
Constant: 1
allocateRAM: @g_113
Constant: 0
allocateRAM: @.str8
Constant: 1
allocateRAM: @g_114
Constant: 0
allocateRAM: @.str9
Constant: 1
allocateRAM: @g_116
Constant: 0
allocateRAM: @.str10
Constant: 1
allocateRAM: @crc32_context
Constant: 0
allocateRAM: @crc32_tab
Constant: 0
allocating global ram: @g_2
allocating global ram: @.str
allocating global ram: @g_12
allocating global ram: @.str1
allocating global ram: @g_34
allocating global ram: @.str2
allocating global ram: @g_44
allocating global ram: @.str4
allocating global ram: @g_61
allocating global ram: @.str5
allocating global ram: @g_77
allocating global ram: @.str7
allocating global ram: @g_113
allocating global ram: @.str8
allocating global ram: @g_114
allocating global ram: @.str9
allocating global ram: @g_116
allocating global ram: @.str10
allocating global ram: @crc32_context
allocating global ram: @crc32_tab
allocateRAM: %l_46
Constant: 0
allocateRAM: %l_9
Constant: 0
