//----------------------------------------------------------------------------//
// Generated by LegUp High-Level Synthesis Tool Version 4.0 (http://legup.org)
// Compiled: Mon Jun  5 16:23:28 2017
// University of Toronto
// For research and academic purposes only. Commercial use is prohibited.
// Please send bugs to: legup@eecg.toronto.edu
// Date: Tue Jun 13 15:04:25 2017
//----------------------------------------------------------------------------//

-------------------------- Datapath Operation Usage --------------------------

Operation "unknown" x 461 
Operation "bitwise_AND_16" x 1 
Operation "bitwise_AND_32" x 5 
Operation "bitwise_AND_8" x 1 
Operation "bitwise_OR_32" x 3 
Operation "bitwise_XOR_32" x 17 
Operation "shift_ll_32" x 4 
Operation "shift_ra_32" x 1 
Operation "shift_rl_32" x 7 
Operation "signed_add_16" x 1 
Operation "signed_add_32" x 15 
Operation "signed_add_8" x 2 
Operation "signed_comp_eq_16" x 6 
Operation "signed_comp_eq_32" x 29 
Operation "signed_comp_eq_8" x 8 
Operation "signed_comp_gt_32" x 16 
Operation "signed_comp_lt_16" x 1 
Operation "signed_comp_lt_32" x 14 
Operation "signed_comp_lt_8" x 1 
Operation "signed_comp_lte_32" x 2 
Operation "signed_divide_32" x 1 
Operation "signed_modulus_32" x 1 
Operation "signed_multiply_16" x 2 
Operation "signed_multiply_8" x 1 
Operation "signed_subtract_16" x 2 
Operation "signed_subtract_32" x 4 
Operation "signed_subtract_8" x 2 
Operation "unsigned_comp_gt_32" x 5 
Operation "unsigned_comp_lt_16" x 1 
Operation "unsigned_comp_lt_32" x 2 
Operation "unsigned_comp_lt_8" x 1 
Operation "unsigned_comp_lte_32" x 2 

----------------------------- General Information -----------------------------

Number of declared variables in main: 583
Critical path contains operation: signed_modulus_32

------------------------------ Resource Estimate ------------------------------

Fmax: 12 MHz
Note: Assuming only 87 DSPs available
Warning: These estimates don't account for binding yet!
Logic Elements: 14212
    Combinational: 7298
    Registers: 13006
DSP Elements: 3
