//----------------------------------------------------------------------------//
// Generated by LegUp High-Level Synthesis Tool Version 4.0 (http://legup.org)
// Compiled: Mon Jun  5 16:23:28 2017
// University of Toronto
// For research and academic purposes only. Commercial use is prohibited.
// Please send bugs to: legup@eecg.toronto.edu
// Date: Tue Jun 13 15:04:25 2017
//----------------------------------------------------------------------------//

-----------------Function: safe_div_func_int32_t_s_s---------------
-------------------------1---------------------------
-----------------Delay of path:20.00 ns---------------
-----------------State:LEGUP_F_safe_div_func_int32_t_s_s_BB__7_5-----------------
(20.00 ns) --- (20.00 ns) ---   %8 = sdiv i32 %si1, %si2

-----------------Function: safe_mod_func_int8_t_s_s---------------
-------------------------2---------------------------
-----------------Delay of path:20.00 ns---------------
-----------------State:LEGUP_F_safe_mod_func_int8_t_s_s_BB__8_5-----------------
(0.00 ns) --- (0.00 ns) ---   %10 = sext i8 %si2 to i32
(20.00 ns) --- (20.00 ns) ---   %11 = srem i32 %9, %10

-----------------Function: safe_mod_func_int8_t_s_s---------------
-------------------------3---------------------------
-----------------Delay of path:20.00 ns---------------
-----------------State:LEGUP_F_safe_mod_func_int8_t_s_s_BB__8_5-----------------
(0.00 ns) --- (0.00 ns) ---   %9 = sext i8 %si1 to i32
(20.00 ns) --- (20.00 ns) ---   %11 = srem i32 %9, %10

-----------------Function: safe_sub_func_int32_t_s_s---------------
-------------------------4---------------------------
-----------------Delay of path:9.35 ns---------------
-----------------State:LEGUP_F_safe_sub_func_int32_t_s_s_BB__0_1-----------------
(0.91 ns) --- (0.91 ns) ---   %2 = xor i32 %si1, %si2
(0.00 ns) --- (0.91 ns) ---   %3 = and i32 %2, -2147483648
(0.91 ns) --- (1.82 ns) ---   %4 = xor i32 %3, %si1
(2.40 ns) --- (4.22 ns) ---   %5 = sub nsw i32 %4, %si2
(0.91 ns) --- (5.13 ns) ---   %6 = xor i32 %5, %si2
(0.87 ns) --- (5.99 ns) ---   %7 = and i32 %1, %6
(3.36 ns) --- (9.35 ns) ---   %8 = icmp slt i32 %7, 0
(0.00 ns) --- (9.35 ns) ---   br i1 %8, label %9, label %10

-----------------Function: func_1---------------
-------------------------5---------------------------
-----------------Delay of path:6.49 ns---------------
-----------------State:LEGUP_F_func_1_BB__135_116-----------------
(3.13 ns) --- (3.13 ns) ---   %153 = icmp sgt i32 %146, %152
(0.00 ns) --- (3.13 ns) ---   %154 = zext i1 %153 to i32
(3.36 ns) --- (6.49 ns) ---   %155 = icmp slt i32 %154, %21
(0.00 ns) --- (6.49 ns) ---   %156 = zext i1 %155 to i16

-----------------Function: func_1---------------
-------------------------6---------------------------
-----------------Delay of path:6.49 ns---------------
-----------------State:LEGUP_F_func_1_BB__135_116-----------------
(0.00 ns) --- (0.00 ns) ---   %152 = sext i16 %151 to i32
(3.13 ns) --- (3.13 ns) ---   %153 = icmp sgt i32 %146, %152
(0.00 ns) --- (3.13 ns) ---   %154 = zext i1 %153 to i32
(3.36 ns) --- (6.49 ns) ---   %155 = icmp slt i32 %154, %21
(0.00 ns) --- (6.49 ns) ---   %156 = zext i1 %155 to i16

-----------------Function: safe_lshift_func_uint8_t_u_s---------------
-------------------------7---------------------------
-----------------Delay of path:6.48 ns---------------
-----------------State:LEGUP_F_safe_lshift_func_uint8_t_u_s_BB__4_3-----------------
(3.35 ns) --- (3.35 ns) ---   %6 = lshr i32 255, %right
(3.13 ns) --- (6.48 ns) ---   %7 = icmp sgt i32 %5, %6
(0.00 ns) --- (6.48 ns) ---   br i1 %7, label %8, label %10

-----------------Function: safe_lshift_func_uint16_t_u_u---------------
-------------------------8---------------------------
-----------------Delay of path:6.48 ns---------------
-----------------State:LEGUP_F_safe_lshift_func_uint16_t_u_u_BB__2_2-----------------
(3.35 ns) --- (3.35 ns) ---   %4 = lshr i32 65535, %right
(3.13 ns) --- (6.48 ns) ---   %5 = icmp sgt i32 %3, %4
(0.00 ns) --- (6.48 ns) ---   br i1 %5, label %6, label %8

-----------------Function: safe_lshift_func_int8_t_s_s---------------
-------------------------9---------------------------
-----------------Delay of path:6.48 ns---------------
-----------------State:LEGUP_F_safe_lshift_func_int8_t_s_s_BB__6_4-----------------
(3.35 ns) --- (3.35 ns) ---   %8 = lshr i32 127, %right
(3.13 ns) --- (6.48 ns) ---   %9 = icmp sgt i32 %7, %8
(0.00 ns) --- (6.48 ns) ---   br i1 %9, label %10, label %12

-----------------Function: safe_lshift_func_uint16_t_u_s---------------
-------------------------10---------------------------
-----------------Delay of path:6.48 ns---------------
-----------------State:LEGUP_F_safe_lshift_func_uint16_t_u_s_BB__4_3-----------------
(3.35 ns) --- (3.35 ns) ---   %6 = lshr i32 65535, %right
(3.13 ns) --- (6.48 ns) ---   %7 = icmp sgt i32 %5, %6
(0.00 ns) --- (6.48 ns) ---   br i1 %7, label %8, label %10


