//----------------------------------------------------------------------------//
// Generated by LegUp High-Level Synthesis Tool Version 4.0 (http://legup.org)
// Compiled: Mon Jun  5 16:23:28 2017
// University of Toronto
// For research and academic purposes only. Commercial use is prohibited.
// Please send bugs to: legup@eecg.toronto.edu
// Date: Tue Jun 13 18:44:46 2017
//----------------------------------------------------------------------------//

allocateRAM: @g_22
Constant: 0
allocateRAM: @.str
Constant: 1
allocateRAM: @g_37
Constant: 0
allocateRAM: @.str1
Constant: 1
allocateRAM: @g_38
Constant: 0
allocateRAM: @.str2
Constant: 1
allocateRAM: @g_77
Constant: 0
allocateRAM: @.str4
Constant: 1
allocateRAM: @g_78
Constant: 0
allocateRAM: @.str5
Constant: 1
allocateRAM: @g_79
Constant: 0
allocateRAM: @.str6
Constant: 1
allocateRAM: @crc32_context
Constant: 0
allocateRAM: @crc32_tab
Constant: 0
allocateRAM: @func_7.l_51
Constant: 1
allocateRAM: @func_7.l_76
Constant: 1
allocating global ram: @g_22
allocating global ram: @.str
allocating global ram: @g_37
allocating global ram: @.str1
allocating global ram: @g_38
allocating global ram: @.str2
allocating global ram: @g_77
allocating global ram: @.str4
allocating global ram: @g_78
allocating global ram: @.str5
allocating global ram: @g_79
allocating global ram: @.str6
allocating global ram: @crc32_context
allocating global ram: @crc32_tab
allocating global ram: @func_7.l_51
allocating global ram: @func_7.l_76
allocateRAM: %l_4
Constant: 0
allocateRAM: %l_51
Constant: 0
allocateRAM: %l_76
Constant: 0
allocateRAM: %1
Constant: 0
allocateRAM: %dt
Constant: 0
allocateRAM: %st
Constant: 0
allocateRAM: %1
Constant: 0
allocateRAM: %dt
Constant: 0
allocateRAM: %st
Constant: 0
