//----------------------------------------------------------------------------//
// Generated by LegUp High-Level Synthesis Tool Version 4.0 (http://legup.org)
// Compiled: Mon Jun  5 16:23:28 2017
// University of Toronto
// For research and academic purposes only. Commercial use is prohibited.
// Please send bugs to: legup@eecg.toronto.edu
// Date: Tue Jun 13 18:44:46 2017
//----------------------------------------------------------------------------//

-------------------------- Datapath Operation Usage --------------------------

Operation "unknown" x 351 
Operation "bitwise_AND_32" x 5 
Operation "bitwise_OR_32" x 1 
Operation "bitwise_XOR_32" x 12 
Operation "shift_ll_32" x 5 
Operation "shift_ra_32" x 1 
Operation "shift_rl_32" x 7 
Operation "signed_add_16" x 1 
Operation "signed_add_32" x 8 
Operation "signed_add_8" x 2 
Operation "signed_comp_eq_16" x 3 
Operation "signed_comp_eq_32" x 16 
Operation "signed_comp_eq_8" x 5 
Operation "signed_comp_gt_32" x 11 
Operation "signed_comp_gte_32" x 2 
Operation "signed_comp_lt_16" x 2 
Operation "signed_comp_lt_32" x 8 
Operation "signed_comp_lt_8" x 2 
Operation "signed_divide_32" x 2 
Operation "signed_multiply_16" x 1 
Operation "signed_multiply_8" x 1 
Operation "signed_subtract_16" x 1 
Operation "signed_subtract_32" x 4 
Operation "signed_subtract_8" x 1 
Operation "unsigned_comp_gt_32" x 5 
Operation "unsigned_comp_lt_16" x 1 
Operation "unsigned_comp_lt_32" x 1 
Operation "unsigned_divide_8" x 1 
Operation "unsigned_modulus_32" x 1 

----------------------------- General Information -----------------------------

Number of declared variables in main: 443
Critical path contains operation: signed_divide_32

------------------------------ Resource Estimate ------------------------------

Fmax: 12 MHz
Note: Assuming only 87 DSPs available
Warning: These estimates don't account for binding yet!
Logic Elements: 12514
    Combinational: 7341
    Registers: 10537
DSP Elements: 2
