//----------------------------------------------------------------------------//
// Generated by LegUp High-Level Synthesis Tool Version 4.0 (http://legup.org)
// Compiled: Mon Jun  5 16:23:28 2017
// University of Toronto
// For research and academic purposes only. Commercial use is prohibited.
// Please send bugs to: legup@eecg.toronto.edu
// Date: Tue Jun 13 18:44:46 2017
//----------------------------------------------------------------------------//

-----------------Function: safe_mod_func_uint32_t_u_u---------------
-------------------------1---------------------------
-----------------Delay of path:20.00 ns---------------
-----------------State:LEGUP_F_safe_mod_func_uint32_t_u_u_BB__3_3-----------------
(20.00 ns) --- (20.00 ns) ---   %4 = urem i32 %ui1, %ui2

-----------------Function: safe_div_func_int8_t_s_s---------------
-------------------------2---------------------------
-----------------Delay of path:20.00 ns---------------
-----------------State:LEGUP_F_safe_div_func_int8_t_s_s_BB__8_5-----------------
(0.00 ns) --- (0.00 ns) ---   %10 = sext i8 %si2 to i32
(20.00 ns) --- (20.00 ns) ---   %11 = sdiv i32 %9, %10

-----------------Function: safe_div_func_int8_t_s_s---------------
-------------------------3---------------------------
-----------------Delay of path:20.00 ns---------------
-----------------State:LEGUP_F_safe_div_func_int8_t_s_s_BB__8_5-----------------
(0.00 ns) --- (0.00 ns) ---   %9 = sext i8 %si1 to i32
(20.00 ns) --- (20.00 ns) ---   %11 = sdiv i32 %9, %10

-----------------Function: safe_div_func_int32_t_s_s---------------
-------------------------4---------------------------
-----------------Delay of path:20.00 ns---------------
-----------------State:LEGUP_F_safe_div_func_int32_t_s_s_BB__7_5-----------------
(20.00 ns) --- (20.00 ns) ---   %8 = sdiv i32 %si1, %si2

-----------------Function: func_7---------------
-------------------------5---------------------------
-----------------Delay of path:13.31 ns---------------
-----------------State:LEGUP_F_func_7_BB__23_25-----------------
(0.00 ns) --- (0.00 ns) ---   %p_10.not = and i32 %p_10, -2
(0.91 ns) --- (0.91 ns) ---   %24 = xor i32 %p_10.not, -2
(3.36 ns) --- (4.27 ns) ---   %25 = icmp slt i32 %24, 26199
(0.00 ns) --- (4.27 ns) ---   %26 = zext i1 %25 to i32
(2.49 ns) --- (6.76 ns) ---   %27 = icmp eq i32 %26, %p_10
(0.00 ns) --- (6.76 ns) ---   %28 = zext i1 %27 to i32
(3.19 ns) --- (9.95 ns) ---   %29 = icmp sge i32 %28, %p_10
(0.00 ns) --- (9.95 ns) ---   %30 = zext i1 %29 to i32
(0.87 ns) --- (10.82 ns) ---   %31 = and i32 %21, %30
(2.49 ns) --- (13.31 ns) ---   %32 = icmp eq i32 %31, 0
(0.00 ns) --- (13.31 ns) ---   br i1 %32, label %34, label %33

-----------------Function: safe_div_func_uint8_t_u_u---------------
-------------------------6---------------------------
-----------------Delay of path:13.08 ns---------------
-----------------State:LEGUP_F_safe_div_func_uint8_t_u_u_BB__3_3-----------------
(13.08 ns) --- (13.08 ns) ---   %div = udiv i8 %ui1, %ui2

-----------------Function: safe_sub_func_int32_t_s_s---------------
-------------------------7---------------------------
-----------------Delay of path:9.35 ns---------------
-----------------State:LEGUP_F_safe_sub_func_int32_t_s_s_BB__0_1-----------------
(0.91 ns) --- (0.91 ns) ---   %2 = xor i32 %si1, %si2
(0.00 ns) --- (0.91 ns) ---   %3 = and i32 %2, -2147483648
(0.91 ns) --- (1.82 ns) ---   %4 = xor i32 %3, %si1
(2.40 ns) --- (4.22 ns) ---   %5 = sub nsw i32 %4, %si2
(0.91 ns) --- (5.13 ns) ---   %6 = xor i32 %5, %si2
(0.87 ns) --- (5.99 ns) ---   %7 = and i32 %1, %6
(3.36 ns) --- (9.35 ns) ---   %8 = icmp slt i32 %7, 0
(0.00 ns) --- (9.35 ns) ---   br i1 %8, label %9, label %10

-----------------Function: func_7---------------
-------------------------8---------------------------
-----------------Delay of path:7.01 ns---------------
-----------------State:LEGUP_F_func_7_BB__52_42-----------------
(0.00 ns) --- (0.00 ns) ---   %53 = phi i1 [ true, %34 ], [ %51, %48 ]
(0.00 ns) --- (0.00 ns) ---   %54 = zext i1 %53 to i32
(3.19 ns) --- (3.19 ns) ---   %55 = icmp sge i32 %54, %p_10
(0.00 ns) --- (3.19 ns) ---   %56 = zext i1 %55 to i32
(0.91 ns) --- (4.10 ns) ---   %57 = xor i32 %56, %p_10
(2.92 ns) --- (7.01 ns) ---   %58 = icmp ult i32 %57, -1805883725
(0.00 ns) --- (7.01 ns) ---   %59 = zext i1 %58 to i32

-----------------Function: safe_lshift_func_int8_t_s_u---------------
-------------------------9---------------------------
-----------------Delay of path:6.48 ns---------------
-----------------State:LEGUP_F_safe_lshift_func_int8_t_s_u_BB__4_3-----------------
(3.35 ns) --- (3.35 ns) ---   %6 = lshr i32 127, %right
(3.13 ns) --- (6.48 ns) ---   %7 = icmp sgt i32 %5, %6
(0.00 ns) --- (6.48 ns) ---   br i1 %7, label %8, label %10

-----------------Function: safe_lshift_func_int16_t_s_s---------------
-------------------------10---------------------------
-----------------Delay of path:6.48 ns---------------
-----------------State:LEGUP_F_safe_lshift_func_int16_t_s_s_BB__6_4-----------------
(3.35 ns) --- (3.35 ns) ---   %8 = lshr i32 32767, %right
(3.13 ns) --- (6.48 ns) ---   %9 = icmp sgt i32 %7, %8
(0.00 ns) --- (6.48 ns) ---   br i1 %9, label %10, label %12


