//----------------------------------------------------------------------------//
// Generated by LegUp High-Level Synthesis Tool Version 4.0 (http://legup.org)
// Compiled: Mon Jun  5 16:23:28 2017
// University of Toronto
// For research and academic purposes only. Commercial use is prohibited.
// Please send bugs to: legup@eecg.toronto.edu
// Date: Tue Jun 13 14:59:16 2017
//----------------------------------------------------------------------------//

--------------------------------------------------------------------------------
Function: transparent_crc
--------------------------------------------------------------------------------
Function unit type:           Number Required               
mem_dual_port                 1                             
--------------------------------------------------------------------------------
Function: safe_mod_func_int8_t_s_s
--------------------------------------------------------------------------------
Function unit type:           Number Required               
signed_modulus_32             1                             
--------------------------------------------------------------------------------
Function: main
--------------------------------------------------------------------------------
Function unit type:           Number Required               
mem_dual_port                 1                             
--------------------------------------------------------------------------------
Function: platform_main_begin
--------------------------------------------------------------------------------
Function unit type:           Number Required               
--------------------------------------------------------------------------------
Function: crc32_gentab
--------------------------------------------------------------------------------
Function unit type:           Number Required               
mem_dual_port                 1                             
--------------------------------------------------------------------------------
Function: func_1
--------------------------------------------------------------------------------
Function unit type:           Number Required               
mem_dual_port                 2                             
--------------------------------------------------------------------------------
Function: safe_lshift_func_uint8_t_u_u
--------------------------------------------------------------------------------
Function unit type:           Number Required               
--------------------------------------------------------------------------------
Function: safe_div_func_int32_t_s_s
--------------------------------------------------------------------------------
Function unit type:           Number Required               
signed_divide_32              1                             
--------------------------------------------------------------------------------
Function: safe_add_func_int16_t_s_s
--------------------------------------------------------------------------------
Function unit type:           Number Required               
--------------------------------------------------------------------------------
Function: safe_sub_func_int32_t_s_s
--------------------------------------------------------------------------------
Function unit type:           Number Required               
--------------------------------------------------------------------------------
Function: platform_main_end
--------------------------------------------------------------------------------
Function unit type:           Number Required               
--------------------------------------------------------------------------------
Function: crc32_8bytes
--------------------------------------------------------------------------------
Function unit type:           Number Required               
--------------------------------------------------------------------------------
Function: crc32_byte
--------------------------------------------------------------------------------
Function unit type:           Number Required               
mem_dual_port                 1                             
--------------------------------------------------------------------------------
Function: func_4
--------------------------------------------------------------------------------
Function unit type:           Number Required               
mem_dual_port                 2                             
--------------------------------------------------------------------------------
Function: func_10
--------------------------------------------------------------------------------
Function unit type:           Number Required               
mem_dual_port                 1                             
--------------------------------------------------------------------------------
Function: func_16
--------------------------------------------------------------------------------
Function unit type:           Number Required               
mem_dual_port                 2                             
--------------------------------------------------------------------------------
Function: safe_unary_minus_func_int16_t_s
--------------------------------------------------------------------------------
Function unit type:           Number Required               
--------------------------------------------------------------------------------
Function: safe_lshift_func_uint16_t_u_s
--------------------------------------------------------------------------------
Function unit type:           Number Required               
--------------------------------------------------------------------------------
Function: safe_add_func_int8_t_s_s
--------------------------------------------------------------------------------
Function unit type:           Number Required               
--------------------------------------------------------------------------------
Function: safe_mul_func_int8_t_s_s
--------------------------------------------------------------------------------
Function unit type:           Number Required               
--------------------------------------------------------------------------------
Function: safe_mod_func_uint8_t_u_u
--------------------------------------------------------------------------------
Function unit type:           Number Required               
unsigned_modulus_8            1                             
--------------------------------------------------------------------------------
Function: safe_add_func_uint8_t_u_u
--------------------------------------------------------------------------------
Function unit type:           Number Required               
--------------------------------------------------------------------------------
Function: safe_lshift_func_uint8_t_u_s
--------------------------------------------------------------------------------
Function unit type:           Number Required               
--------------------------------------------------------------------------------
Function: safe_rshift_func_uint8_t_u_s
--------------------------------------------------------------------------------
Function unit type:           Number Required               
--------------------------------------------------------------------------------
Function: safe_sub_func_uint8_t_u_u
--------------------------------------------------------------------------------
Function unit type:           Number Required               
--------------------------------------------------------------------------------
Function: safe_lshift_func_int16_t_s_u
--------------------------------------------------------------------------------
Function unit type:           Number Required               
--------------------------------------------------------------------------------
Function: safe_mod_func_int16_t_s_s
--------------------------------------------------------------------------------
Function unit type:           Number Required               
signed_modulus_32             1                             
--------------------------------------------------------------------------------
Function: safe_div_func_int8_t_s_s
--------------------------------------------------------------------------------
Function unit type:           Number Required               
signed_divide_32              1                             
--------------------------------------------------------------------------------
Function: safe_sub_func_int16_t_s_s
--------------------------------------------------------------------------------
Function unit type:           Number Required               
--------------------------------------------------------------------------------
Function: safe_sub_func_int8_t_s_s
--------------------------------------------------------------------------------
Function unit type:           Number Required               
--------------------------------------------------------------------------------
Function: safe_div_func_uint16_t_u_u
--------------------------------------------------------------------------------
Function unit type:           Number Required               
unsigned_divide_16            1                             
--------------------------------------------------------------------------------
Function: legup_memcpy_2
--------------------------------------------------------------------------------
Function unit type:           Number Required               
mem_dual_port                 2                             
--------------------------------------------------------------------------------
Function: legup_memcpy_4
--------------------------------------------------------------------------------
Function unit type:           Number Required               
mem_dual_port                 2                             

Running Bipartite Weighted Matching on function: platform_main_begin

Running Bipartite Weighted Matching on function: crc32_gentab
State: LEGUP_F_crc32_gentab_BB__15
Binding functional unit type: mem_dual_port
Weight matrix for operation/function unit matching:
                                                  crc32_gentab_mem_dual_port_0  
  store i32 %crc.0, i32* %scev... (idx: 0)        20                            
Solving Bipartite Weighted Matching (minimize weights)...
Assignment matrix after operation/function unit matching:
                                                  crc32_gentab_mem_dual_port_0  
  store i32 %crc.0, i32* %scev... (idx: 0)        1                             
Checking that every operator was assigned to a functional unit...yes
Binding operator -> functional unit assignments:
  store i32 %crc.0, i32* %scev... (idx: 0) -> crc32_gentab_mem_dual_port_0 (mux inputs: 2)

Running Bipartite Weighted Matching on function: platform_main_end

Running Bipartite Weighted Matching on function: crc32_byte
State: LEGUP_F_crc32_byte_BB__0
Binding functional unit type: mem_dual_port
Weight matrix for operation/function unit matching:
                                                  crc32_byte_mem_dual_port_0    
  %1 = load i32* @crc32_contex... (idx: 0)        0                             
Solving Bipartite Weighted Matching (minimize weights)...
Assignment matrix after operation/function unit matching:
                                                  crc32_byte_mem_dual_port_0    
  %1 = load i32* @crc32_contex... (idx: 0)        1                             
Checking that every operator was assigned to a functional unit...yes
Binding operator -> functional unit assignments:
  %1 = load i32* @crc32_contex... (idx: 0) -> crc32_byte_mem_dual_port_0 (mux inputs: 0)
State: LEGUP_F_crc32_byte_BB__0
Binding functional unit type: mem_dual_port
Weight matrix for operation/function unit matching:
  %6 = load i32* %5, align 4 can share an output register with another operation already assigned to crc32_byte_mem_dual_port_0
                                                  crc32_byte_mem_dual_port_0    
  %6 = load i32* %5, align 4 (idx: 0)             5                             
Solving Bipartite Weighted Matching (minimize weights)...
Assignment matrix after operation/function unit matching:
                                                  crc32_byte_mem_dual_port_0    
  %6 = load i32* %5, align 4 (idx: 0)             1                             
Checking that every operator was assigned to a functional unit...yes
Binding operator -> functional unit assignments:
  %6 = load i32* %5, align 4 (idx: 0) -> crc32_byte_mem_dual_port_0 (mux inputs: 1)
State: LEGUP_F_crc32_byte_BB__0
Binding functional unit type: mem_dual_port
Weight matrix for operation/function unit matching:
  store i32 %7, i32* @crc32_co... can share an output register with another operation already assigned to crc32_byte_mem_dual_port_0
                                                  crc32_byte_mem_dual_port_0    
  store i32 %7, i32* @crc32_co... (idx: 0)        6                             
Solving Bipartite Weighted Matching (minimize weights)...
Assignment matrix after operation/function unit matching:
                                                  crc32_byte_mem_dual_port_0    
  store i32 %7, i32* @crc32_co... (idx: 0)        1                             
Checking that every operator was assigned to a functional unit...yes
Binding operator -> functional unit assignments:
  store i32 %7, i32* @crc32_co... (idx: 0) -> crc32_byte_mem_dual_port_0 (mux inputs: 2)

Running Bipartite Weighted Matching on function: func_4
State: LEGUP_F_func_4_BB__0
Binding functional unit type: mem_dual_port
Weight matrix for operation/function unit matching:
                                                  func_4_mem_dual_port_0        func_4_mem_dual_port_1        
  store volatile i32 -1, i32* ... (idx: 0)        0                             0                             
  %1 = load i32* getelementptr... (idx: 1)        0                             0                             
Solving Bipartite Weighted Matching (minimize weights)...
Assignment matrix after operation/function unit matching:
                                                  func_4_mem_dual_port_0        func_4_mem_dual_port_1        
  store volatile i32 -1, i32* ... (idx: 0)        1                             0                             
  %1 = load i32* getelementptr... (idx: 1)        0                             1                             
Checking that every operator was assigned to a functional unit...yes
Binding operator -> functional unit assignments:
  store volatile i32 -1, i32* ... (idx: 0) -> func_4_mem_dual_port_0 (mux inputs: 0)
  %1 = load i32* getelementptr... (idx: 1) -> func_4_mem_dual_port_1 (mux inputs: 0)

Running Bipartite Weighted Matching on function: func_10
State: LEGUP_F_func_10_BB__0
Binding functional unit type: mem_dual_port
Weight matrix for operation/function unit matching:
                                                  func_10_mem_dual_port_0       
  %1 = load i32* getelementptr... (idx: 0)        0                             
Solving Bipartite Weighted Matching (minimize weights)...
Assignment matrix after operation/function unit matching:
                                                  func_10_mem_dual_port_0       
  %1 = load i32* getelementptr... (idx: 0)        1                             
Checking that every operator was assigned to a functional unit...yes
Binding operator -> functional unit assignments:
  %1 = load i32* getelementptr... (idx: 0) -> func_10_mem_dual_port_0 (mux inputs: 0)

Running Bipartite Weighted Matching on function: safe_unary_minus_func_int16_t_s

Running Bipartite Weighted Matching on function: safe_lshift_func_uint16_t_u_s

Running Bipartite Weighted Matching on function: safe_add_func_int8_t_s_s

Running Bipartite Weighted Matching on function: safe_mul_func_int8_t_s_s

Running Bipartite Weighted Matching on function: safe_mod_func_uint8_t_u_u
State: LEGUP_F_safe_mod_func_uint8_t_u_u_BB__3
Binding functional unit type: unsigned_modulus_8
Weight matrix for operation/function unit matching:
                                                  safe_mod_func_uint8_t_u_u_unsigned_modulus_8_0
  %4 = urem i8 %ui1, %ui2 (idx: 0)                0                             
Solving Bipartite Weighted Matching (minimize weights)...
Assignment matrix after operation/function unit matching:
                                                  safe_mod_func_uint8_t_u_u_unsigned_modulus_8_0
  %4 = urem i8 %ui1, %ui2 (idx: 0)                1                             
Checking that every operator was assigned to a functional unit...yes
Binding operator -> functional unit assignments:
  %4 = urem i8 %ui1, %ui2 (idx: 0) -> safe_mod_func_uint8_t_u_u_unsigned_modulus_8_0 (mux inputs: 0)

Running Bipartite Weighted Matching on function: safe_add_func_uint8_t_u_u

Running Bipartite Weighted Matching on function: safe_lshift_func_uint8_t_u_s

Running Bipartite Weighted Matching on function: safe_rshift_func_uint8_t_u_s

Running Bipartite Weighted Matching on function: safe_mod_func_int8_t_s_s
State: LEGUP_F_safe_mod_func_int8_t_s_s_BB__8
Binding functional unit type: signed_modulus_32
Weight matrix for operation/function unit matching:
                                                  safe_mod_func_int8_t_s_s_signed_modulus_32_0
  %11 = srem i32 %9, %10 (idx: 0)                 20                            
Solving Bipartite Weighted Matching (minimize weights)...
Assignment matrix after operation/function unit matching:
                                                  safe_mod_func_int8_t_s_s_signed_modulus_32_0
  %11 = srem i32 %9, %10 (idx: 0)                 1                             
Checking that every operator was assigned to a functional unit...yes
Binding operator -> functional unit assignments:
  %11 = srem i32 %9, %10 (idx: 0) -> safe_mod_func_int8_t_s_s_signed_modulus_32_0 (mux inputs: 2)

Running Bipartite Weighted Matching on function: safe_lshift_func_uint8_t_u_u

Running Bipartite Weighted Matching on function: safe_div_func_int32_t_s_s
State: LEGUP_F_safe_div_func_int32_t_s_s_BB__7
Binding functional unit type: signed_divide_32
Weight matrix for operation/function unit matching:
                                                  safe_div_func_int32_t_s_s_signed_divide_32_0
  %8 = sdiv i32 %si1, %si2 (idx: 0)               0                             
Solving Bipartite Weighted Matching (minimize weights)...
Assignment matrix after operation/function unit matching:
                                                  safe_div_func_int32_t_s_s_signed_divide_32_0
  %8 = sdiv i32 %si1, %si2 (idx: 0)               1                             
Checking that every operator was assigned to a functional unit...yes
Binding operator -> functional unit assignments:
  %8 = sdiv i32 %si1, %si2 (idx: 0) -> safe_div_func_int32_t_s_s_signed_divide_32_0 (mux inputs: 0)

Running Bipartite Weighted Matching on function: safe_add_func_int16_t_s_s

Running Bipartite Weighted Matching on function: safe_sub_func_int32_t_s_s

Running Bipartite Weighted Matching on function: safe_sub_func_uint8_t_u_u

Running Bipartite Weighted Matching on function: safe_lshift_func_int16_t_s_u

Running Bipartite Weighted Matching on function: safe_mod_func_int16_t_s_s
State: LEGUP_F_safe_mod_func_int16_t_s_s_BB__8
Binding functional unit type: signed_modulus_32
Weight matrix for operation/function unit matching:
                                                  safe_mod_func_int16_t_s_s_signed_modulus_32_0
  %11 = srem i32 %9, %10 (idx: 0)                 20                            
Solving Bipartite Weighted Matching (minimize weights)...
Assignment matrix after operation/function unit matching:
                                                  safe_mod_func_int16_t_s_s_signed_modulus_32_0
  %11 = srem i32 %9, %10 (idx: 0)                 1                             
Checking that every operator was assigned to a functional unit...yes
Binding operator -> functional unit assignments:
  %11 = srem i32 %9, %10 (idx: 0) -> safe_mod_func_int16_t_s_s_signed_modulus_32_0 (mux inputs: 2)

Running Bipartite Weighted Matching on function: safe_div_func_int8_t_s_s
State: LEGUP_F_safe_div_func_int8_t_s_s_BB__8
Binding functional unit type: signed_divide_32
Weight matrix for operation/function unit matching:
                                                  safe_div_func_int8_t_s_s_signed_divide_32_0
  %11 = sdiv i32 %9, %10 (idx: 0)                 20                            
Solving Bipartite Weighted Matching (minimize weights)...
Assignment matrix after operation/function unit matching:
                                                  safe_div_func_int8_t_s_s_signed_divide_32_0
  %11 = sdiv i32 %9, %10 (idx: 0)                 1                             
Checking that every operator was assigned to a functional unit...yes
Binding operator -> functional unit assignments:
  %11 = sdiv i32 %9, %10 (idx: 0) -> safe_div_func_int8_t_s_s_signed_divide_32_0 (mux inputs: 2)

Running Bipartite Weighted Matching on function: safe_sub_func_int16_t_s_s

Running Bipartite Weighted Matching on function: safe_sub_func_int8_t_s_s

Running Bipartite Weighted Matching on function: safe_div_func_uint16_t_u_u
State: LEGUP_F_safe_div_func_uint16_t_u_u_BB__3
Binding functional unit type: unsigned_divide_16
Weight matrix for operation/function unit matching:
                                                  safe_div_func_uint16_t_u_u_unsigned_divide_16_0
  %div = udiv i16 %ui1, %ui2 (idx: 0)             0                             
Solving Bipartite Weighted Matching (minimize weights)...
Assignment matrix after operation/function unit matching:
                                                  safe_div_func_uint16_t_u_u_unsigned_divide_16_0
  %div = udiv i16 %ui1, %ui2 (idx: 0)             1                             
Checking that every operator was assigned to a functional unit...yes
Binding operator -> functional unit assignments:
  %div = udiv i16 %ui1, %ui2 (idx: 0) -> safe_div_func_uint16_t_u_u_unsigned_divide_16_0 (mux inputs: 0)

Running Bipartite Weighted Matching on function: legup_memcpy_2
State: LEGUP_F_legup_memcpy_2_BB__0
Binding functional unit type: mem_dual_port
Weight matrix for operation/function unit matching:
                                                  legup_memcpy_2_mem_dual_port_0legup_memcpy_2_mem_dual_port_1
  store i32 %n, i32* %1, align... (idx: 0)        10                            10                            
  store i16* %2, i16** %dt, al... (idx: 1)        20                            20                            
Solving Bipartite Weighted Matching (minimize weights)...
Assignment matrix after operation/function unit matching:
                                                  legup_memcpy_2_mem_dual_port_0legup_memcpy_2_mem_dual_port_1
  store i32 %n, i32* %1, align... (idx: 0)        1                             0                             
  store i16* %2, i16** %dt, al... (idx: 1)        0                             1                             
Checking that every operator was assigned to a functional unit...yes
Binding operator -> functional unit assignments:
  store i32 %n, i32* %1, align... (idx: 0) -> legup_memcpy_2_mem_dual_port_0 (mux inputs: 1)
  store i16* %2, i16** %dt, al... (idx: 1) -> legup_memcpy_2_mem_dual_port_1 (mux inputs: 2)
State: LEGUP_F_legup_memcpy_2_BB__0
Binding functional unit type: mem_dual_port
Weight matrix for operation/function unit matching:
  store i16* %3, i16** %st, al... can share an output register with another operation already assigned to legup_memcpy_2_mem_dual_port_0
  store i16* %3, i16** %st, al... can share an output register with another operation already assigned to legup_memcpy_2_mem_dual_port_1
  store i32 %4, i32* %1, align... can share an input with another operation already assigned to legup_memcpy_2_mem_dual_port_0
  store i32 %4, i32* %1, align... can share an output register with another operation already assigned to legup_memcpy_2_mem_dual_port_0
  store i32 %4, i32* %1, align... can share an output register with another operation already assigned to legup_memcpy_2_mem_dual_port_1
                                                  legup_memcpy_2_mem_dual_port_0legup_memcpy_2_mem_dual_port_1
  store i16* %3, i16** %st, al... (idx: 0)        16                            17                            
  store i32 %4, i32* %1, align... (idx: 1)        6                             17                            
Solving Bipartite Weighted Matching (minimize weights)...
Assignment matrix after operation/function unit matching:
                                                  legup_memcpy_2_mem_dual_port_0legup_memcpy_2_mem_dual_port_1
  store i16* %3, i16** %st, al... (idx: 0)        0                             1                             
  store i32 %4, i32* %1, align... (idx: 1)        1                             0                             
Checking that every operator was assigned to a functional unit...yes
Binding operator -> functional unit assignments:
  store i32 %4, i32* %1, align... (idx: 1) -> legup_memcpy_2_mem_dual_port_0 (mux inputs: 2)
  store i16* %3, i16** %st, al... (idx: 0) -> legup_memcpy_2_mem_dual_port_1 (mux inputs: 4)
State: LEGUP_F_legup_memcpy_2_BB__5
Binding functional unit type: mem_dual_port
Weight matrix for operation/function unit matching:
  %6 = load i32* %1, align 4 can share an input with another operation already assigned to legup_memcpy_2_mem_dual_port_0
  %6 = load i32* %1, align 4 can share an output register with another operation already assigned to legup_memcpy_2_mem_dual_port_0
  %6 = load i32* %1, align 4 can share an output register with another operation already assigned to legup_memcpy_2_mem_dual_port_1
                                                  legup_memcpy_2_mem_dual_port_0legup_memcpy_2_mem_dual_port_1
  %6 = load i32* %1, align 4 (idx: 0)             -3                            9                             
Solving Bipartite Weighted Matching (minimize weights)...
Assignment matrix after operation/function unit matching:
                                                  legup_memcpy_2_mem_dual_port_0legup_memcpy_2_mem_dual_port_1
  %6 = load i32* %1, align 4 (idx: 0)             1                             0                             
Checking that every operator was assigned to a functional unit...yes
Binding operator -> functional unit assignments:
  %6 = load i32* %1, align 4 (idx: 0) -> legup_memcpy_2_mem_dual_port_0 (mux inputs: 2)
State: LEGUP_F_legup_memcpy_2_BB__5
Binding functional unit type: mem_dual_port
Weight matrix for operation/function unit matching:
  store i32 %7, i32* %1, align... can share an input with another operation already assigned to legup_memcpy_2_mem_dual_port_0
  store i32 %7, i32* %1, align... can share an output register with another operation already assigned to legup_memcpy_2_mem_dual_port_0
  store i32 %7, i32* %1, align... can share an output register with another operation already assigned to legup_memcpy_2_mem_dual_port_1
                                                  legup_memcpy_2_mem_dual_port_0legup_memcpy_2_mem_dual_port_1
  store i32 %7, i32* %1, align... (idx: 0)        7                             19                            
Solving Bipartite Weighted Matching (minimize weights)...
Assignment matrix after operation/function unit matching:
                                                  legup_memcpy_2_mem_dual_port_0legup_memcpy_2_mem_dual_port_1
  store i32 %7, i32* %1, align... (idx: 0)        1                             0                             
Checking that every operator was assigned to a functional unit...yes
Binding operator -> functional unit assignments:
  store i32 %7, i32* %1, align... (idx: 0) -> legup_memcpy_2_mem_dual_port_0 (mux inputs: 3)
State: LEGUP_F_legup_memcpy_2_BB__9
Binding functional unit type: mem_dual_port
Weight matrix for operation/function unit matching:
  %10 = load i16** %st, align ... can share an output register with another operation already assigned to legup_memcpy_2_mem_dual_port_0
  %10 = load i16** %st, align ... can share an input with another operation already assigned to legup_memcpy_2_mem_dual_port_1
  %10 = load i16** %st, align ... can share an output register with another operation already assigned to legup_memcpy_2_mem_dual_port_1
  %13 = load i16** %dt, align ... can share an output register with another operation already assigned to legup_memcpy_2_mem_dual_port_0
  %13 = load i16** %dt, align ... can share an input with another operation already assigned to legup_memcpy_2_mem_dual_port_1
  %13 = load i16** %dt, align ... can share an output register with another operation already assigned to legup_memcpy_2_mem_dual_port_1
                                                  legup_memcpy_2_mem_dual_port_0legup_memcpy_2_mem_dual_port_1
  %10 = load i16** %st, align ... (idx: 0)        8                             -1                            
  %13 = load i16** %dt, align ... (idx: 1)        8                             -1                            
Solving Bipartite Weighted Matching (minimize weights)...
Assignment matrix after operation/function unit matching:
                                                  legup_memcpy_2_mem_dual_port_0legup_memcpy_2_mem_dual_port_1
  %10 = load i16** %st, align ... (idx: 0)        1                             0                             
  %13 = load i16** %dt, align ... (idx: 1)        0                             1                             
Checking that every operator was assigned to a functional unit...yes
Binding operator -> functional unit assignments:
  %10 = load i16** %st, align ... (idx: 0) -> legup_memcpy_2_mem_dual_port_0 (mux inputs: 4)
  %13 = load i16** %dt, align ... (idx: 1) -> legup_memcpy_2_mem_dual_port_1 (mux inputs: 4)
State: LEGUP_F_legup_memcpy_2_BB__9
Binding functional unit type: mem_dual_port
Weight matrix for operation/function unit matching:
  store i16* %11, i16** %st, a... can share an input with another operation already assigned to legup_memcpy_2_mem_dual_port_0
  store i16* %11, i16** %st, a... can share an output register with another operation already assigned to legup_memcpy_2_mem_dual_port_0
  store i16* %11, i16** %st, a... can share an input with another operation already assigned to legup_memcpy_2_mem_dual_port_1
  store i16* %11, i16** %st, a... can share an output register with another operation already assigned to legup_memcpy_2_mem_dual_port_1
  %12 = load i16* %10, align 2 can share an output register with another operation already assigned to legup_memcpy_2_mem_dual_port_0
  %12 = load i16* %10, align 2 can share an output register with another operation already assigned to legup_memcpy_2_mem_dual_port_1
                                                  legup_memcpy_2_mem_dual_port_0legup_memcpy_2_mem_dual_port_1
  store i16* %11, i16** %st, a... (idx: 0)        9                             9                             
  %12 = load i16* %10, align 2 (idx: 1)           9                             9                             
Solving Bipartite Weighted Matching (minimize weights)...
Assignment matrix after operation/function unit matching:
                                                  legup_memcpy_2_mem_dual_port_0legup_memcpy_2_mem_dual_port_1
  store i16* %11, i16** %st, a... (idx: 0)        1                             0                             
  %12 = load i16* %10, align 2 (idx: 1)           0                             1                             
Checking that every operator was assigned to a functional unit...yes
Binding operator -> functional unit assignments:
  store i16* %11, i16** %st, a... (idx: 0) -> legup_memcpy_2_mem_dual_port_0 (mux inputs: 5)
  %12 = load i16* %10, align 2 (idx: 1) -> legup_memcpy_2_mem_dual_port_1 (mux inputs: 5)
State: LEGUP_F_legup_memcpy_2_BB__9
Binding functional unit type: mem_dual_port
Weight matrix for operation/function unit matching:
  store i16* %14, i16** %dt, a... can share an output register with another operation already assigned to legup_memcpy_2_mem_dual_port_0
  store i16* %14, i16** %dt, a... can share an input with another operation already assigned to legup_memcpy_2_mem_dual_port_1
  store i16* %14, i16** %dt, a... can share an output register with another operation already assigned to legup_memcpy_2_mem_dual_port_1
                                                  legup_memcpy_2_mem_dual_port_0legup_memcpy_2_mem_dual_port_1
  store i16* %14, i16** %dt, a... (idx: 0)        20                            10                            
Solving Bipartite Weighted Matching (minimize weights)...
Assignment matrix after operation/function unit matching:
                                                  legup_memcpy_2_mem_dual_port_0legup_memcpy_2_mem_dual_port_1
  store i16* %14, i16** %dt, a... (idx: 0)        0                             1                             
Checking that every operator was assigned to a functional unit...yes
Binding operator -> functional unit assignments:
  store i16* %14, i16** %dt, a... (idx: 0) -> legup_memcpy_2_mem_dual_port_1 (mux inputs: 6)
State: LEGUP_F_legup_memcpy_2_BB__9
Binding functional unit type: mem_dual_port
Weight matrix for operation/function unit matching:
  store i16 %12, i16* %13, ali... can share an output register with another operation already assigned to legup_memcpy_2_mem_dual_port_0
  store i16 %12, i16* %13, ali... can share an output register with another operation already assigned to legup_memcpy_2_mem_dual_port_1
                                                  legup_memcpy_2_mem_dual_port_0legup_memcpy_2_mem_dual_port_1
  store i16 %12, i16* %13, ali... (idx: 0)        20                            21                            
Solving Bipartite Weighted Matching (minimize weights)...
Assignment matrix after operation/function unit matching:
                                                  legup_memcpy_2_mem_dual_port_0legup_memcpy_2_mem_dual_port_1
  store i16 %12, i16* %13, ali... (idx: 0)        1                             0                             
Checking that every operator was assigned to a functional unit...yes
Binding operator -> functional unit assignments:
  store i16 %12, i16* %13, ali... (idx: 0) -> legup_memcpy_2_mem_dual_port_0 (mux inputs: 7)

Running Bipartite Weighted Matching on function: legup_memcpy_4
State: LEGUP_F_legup_memcpy_4_BB__0
Binding functional unit type: mem_dual_port
Weight matrix for operation/function unit matching:
                                                  legup_memcpy_4_mem_dual_port_0legup_memcpy_4_mem_dual_port_1
  store i32 %n, i32* %1, align... (idx: 0)        10                            10                            
  store i32* %2, i32** %dt, al... (idx: 1)        20                            20                            
Solving Bipartite Weighted Matching (minimize weights)...
Assignment matrix after operation/function unit matching:
                                                  legup_memcpy_4_mem_dual_port_0legup_memcpy_4_mem_dual_port_1
  store i32 %n, i32* %1, align... (idx: 0)        1                             0                             
  store i32* %2, i32** %dt, al... (idx: 1)        0                             1                             
Checking that every operator was assigned to a functional unit...yes
Binding operator -> functional unit assignments:
  store i32 %n, i32* %1, align... (idx: 0) -> legup_memcpy_4_mem_dual_port_0 (mux inputs: 1)
  store i32* %2, i32** %dt, al... (idx: 1) -> legup_memcpy_4_mem_dual_port_1 (mux inputs: 2)
State: LEGUP_F_legup_memcpy_4_BB__0
Binding functional unit type: mem_dual_port
Weight matrix for operation/function unit matching:
  store i32* %3, i32** %st, al... can share an output register with another operation already assigned to legup_memcpy_4_mem_dual_port_0
  store i32* %3, i32** %st, al... can share an output register with another operation already assigned to legup_memcpy_4_mem_dual_port_1
  store i32 %4, i32* %1, align... can share an input with another operation already assigned to legup_memcpy_4_mem_dual_port_0
  store i32 %4, i32* %1, align... can share an output register with another operation already assigned to legup_memcpy_4_mem_dual_port_0
  store i32 %4, i32* %1, align... can share an output register with another operation already assigned to legup_memcpy_4_mem_dual_port_1
                                                  legup_memcpy_4_mem_dual_port_0legup_memcpy_4_mem_dual_port_1
  store i32* %3, i32** %st, al... (idx: 0)        16                            17                            
  store i32 %4, i32* %1, align... (idx: 1)        6                             17                            
Solving Bipartite Weighted Matching (minimize weights)...
Assignment matrix after operation/function unit matching:
                                                  legup_memcpy_4_mem_dual_port_0legup_memcpy_4_mem_dual_port_1
  store i32* %3, i32** %st, al... (idx: 0)        0                             1                             
  store i32 %4, i32* %1, align... (idx: 1)        1                             0                             
Checking that every operator was assigned to a functional unit...yes
Binding operator -> functional unit assignments:
  store i32 %4, i32* %1, align... (idx: 1) -> legup_memcpy_4_mem_dual_port_0 (mux inputs: 2)
  store i32* %3, i32** %st, al... (idx: 0) -> legup_memcpy_4_mem_dual_port_1 (mux inputs: 4)
State: LEGUP_F_legup_memcpy_4_BB__5
Binding functional unit type: mem_dual_port
Weight matrix for operation/function unit matching:
  %6 = load i32* %1, align 4 can share an input with another operation already assigned to legup_memcpy_4_mem_dual_port_0
  %6 = load i32* %1, align 4 can share an output register with another operation already assigned to legup_memcpy_4_mem_dual_port_0
  %6 = load i32* %1, align 4 can share an output register with another operation already assigned to legup_memcpy_4_mem_dual_port_1
                                                  legup_memcpy_4_mem_dual_port_0legup_memcpy_4_mem_dual_port_1
  %6 = load i32* %1, align 4 (idx: 0)             -3                            9                             
Solving Bipartite Weighted Matching (minimize weights)...
Assignment matrix after operation/function unit matching:
                                                  legup_memcpy_4_mem_dual_port_0legup_memcpy_4_mem_dual_port_1
  %6 = load i32* %1, align 4 (idx: 0)             1                             0                             
Checking that every operator was assigned to a functional unit...yes
Binding operator -> functional unit assignments:
  %6 = load i32* %1, align 4 (idx: 0) -> legup_memcpy_4_mem_dual_port_0 (mux inputs: 2)
State: LEGUP_F_legup_memcpy_4_BB__5
Binding functional unit type: mem_dual_port
Weight matrix for operation/function unit matching:
  store i32 %7, i32* %1, align... can share an input with another operation already assigned to legup_memcpy_4_mem_dual_port_0
  store i32 %7, i32* %1, align... can share an output register with another operation already assigned to legup_memcpy_4_mem_dual_port_0
  store i32 %7, i32* %1, align... can share an output register with another operation already assigned to legup_memcpy_4_mem_dual_port_1
                                                  legup_memcpy_4_mem_dual_port_0legup_memcpy_4_mem_dual_port_1
  store i32 %7, i32* %1, align... (idx: 0)        7                             19                            
Solving Bipartite Weighted Matching (minimize weights)...
Assignment matrix after operation/function unit matching:
                                                  legup_memcpy_4_mem_dual_port_0legup_memcpy_4_mem_dual_port_1
  store i32 %7, i32* %1, align... (idx: 0)        1                             0                             
Checking that every operator was assigned to a functional unit...yes
Binding operator -> functional unit assignments:
  store i32 %7, i32* %1, align... (idx: 0) -> legup_memcpy_4_mem_dual_port_0 (mux inputs: 3)
State: LEGUP_F_legup_memcpy_4_BB__9
Binding functional unit type: mem_dual_port
Weight matrix for operation/function unit matching:
  %10 = load i32** %st, align ... can share an output register with another operation already assigned to legup_memcpy_4_mem_dual_port_0
  %10 = load i32** %st, align ... can share an input with another operation already assigned to legup_memcpy_4_mem_dual_port_1
  %10 = load i32** %st, align ... can share an output register with another operation already assigned to legup_memcpy_4_mem_dual_port_1
  %13 = load i32** %dt, align ... can share an output register with another operation already assigned to legup_memcpy_4_mem_dual_port_0
  %13 = load i32** %dt, align ... can share an input with another operation already assigned to legup_memcpy_4_mem_dual_port_1
  %13 = load i32** %dt, align ... can share an output register with another operation already assigned to legup_memcpy_4_mem_dual_port_1
                                                  legup_memcpy_4_mem_dual_port_0legup_memcpy_4_mem_dual_port_1
  %10 = load i32** %st, align ... (idx: 0)        8                             -1                            
  %13 = load i32** %dt, align ... (idx: 1)        8                             -1                            
Solving Bipartite Weighted Matching (minimize weights)...
Assignment matrix after operation/function unit matching:
                                                  legup_memcpy_4_mem_dual_port_0legup_memcpy_4_mem_dual_port_1
  %10 = load i32** %st, align ... (idx: 0)        1                             0                             
  %13 = load i32** %dt, align ... (idx: 1)        0                             1                             
Checking that every operator was assigned to a functional unit...yes
Binding operator -> functional unit assignments:
  %10 = load i32** %st, align ... (idx: 0) -> legup_memcpy_4_mem_dual_port_0 (mux inputs: 4)
  %13 = load i32** %dt, align ... (idx: 1) -> legup_memcpy_4_mem_dual_port_1 (mux inputs: 4)
State: LEGUP_F_legup_memcpy_4_BB__9
Binding functional unit type: mem_dual_port
Weight matrix for operation/function unit matching:
  store i32* %11, i32** %st, a... can share an input with another operation already assigned to legup_memcpy_4_mem_dual_port_0
  store i32* %11, i32** %st, a... can share an output register with another operation already assigned to legup_memcpy_4_mem_dual_port_0
  store i32* %11, i32** %st, a... can share an input with another operation already assigned to legup_memcpy_4_mem_dual_port_1
  store i32* %11, i32** %st, a... can share an output register with another operation already assigned to legup_memcpy_4_mem_dual_port_1
  %12 = load i32* %10, align 4 can share an output register with another operation already assigned to legup_memcpy_4_mem_dual_port_0
  %12 = load i32* %10, align 4 can share an output register with another operation already assigned to legup_memcpy_4_mem_dual_port_1
                                                  legup_memcpy_4_mem_dual_port_0legup_memcpy_4_mem_dual_port_1
  store i32* %11, i32** %st, a... (idx: 0)        9                             9                             
  %12 = load i32* %10, align 4 (idx: 1)           9                             9                             
Solving Bipartite Weighted Matching (minimize weights)...
Assignment matrix after operation/function unit matching:
                                                  legup_memcpy_4_mem_dual_port_0legup_memcpy_4_mem_dual_port_1
  store i32* %11, i32** %st, a... (idx: 0)        1                             0                             
  %12 = load i32* %10, align 4 (idx: 1)           0                             1                             
Checking that every operator was assigned to a functional unit...yes
Binding operator -> functional unit assignments:
  store i32* %11, i32** %st, a... (idx: 0) -> legup_memcpy_4_mem_dual_port_0 (mux inputs: 5)
  %12 = load i32* %10, align 4 (idx: 1) -> legup_memcpy_4_mem_dual_port_1 (mux inputs: 5)
State: LEGUP_F_legup_memcpy_4_BB__9
Binding functional unit type: mem_dual_port
Weight matrix for operation/function unit matching:
  store i32* %14, i32** %dt, a... can share an output register with another operation already assigned to legup_memcpy_4_mem_dual_port_0
  store i32* %14, i32** %dt, a... can share an input with another operation already assigned to legup_memcpy_4_mem_dual_port_1
  store i32* %14, i32** %dt, a... can share an output register with another operation already assigned to legup_memcpy_4_mem_dual_port_1
                                                  legup_memcpy_4_mem_dual_port_0legup_memcpy_4_mem_dual_port_1
  store i32* %14, i32** %dt, a... (idx: 0)        20                            10                            
Solving Bipartite Weighted Matching (minimize weights)...
Assignment matrix after operation/function unit matching:
                                                  legup_memcpy_4_mem_dual_port_0legup_memcpy_4_mem_dual_port_1
  store i32* %14, i32** %dt, a... (idx: 0)        0                             1                             
Checking that every operator was assigned to a functional unit...yes
Binding operator -> functional unit assignments:
  store i32* %14, i32** %dt, a... (idx: 0) -> legup_memcpy_4_mem_dual_port_1 (mux inputs: 6)
State: LEGUP_F_legup_memcpy_4_BB__9
Binding functional unit type: mem_dual_port
Weight matrix for operation/function unit matching:
  store i32 %12, i32* %13, ali... can share an output register with another operation already assigned to legup_memcpy_4_mem_dual_port_0
  store i32 %12, i32* %13, ali... can share an output register with another operation already assigned to legup_memcpy_4_mem_dual_port_1
                                                  legup_memcpy_4_mem_dual_port_0legup_memcpy_4_mem_dual_port_1
  store i32 %12, i32* %13, ali... (idx: 0)        20                            21                            
Solving Bipartite Weighted Matching (minimize weights)...
Assignment matrix after operation/function unit matching:
                                                  legup_memcpy_4_mem_dual_port_0legup_memcpy_4_mem_dual_port_1
  store i32 %12, i32* %13, ali... (idx: 0)        1                             0                             
Checking that every operator was assigned to a functional unit...yes
Binding operator -> functional unit assignments:
  store i32 %12, i32* %13, ali... (idx: 0) -> legup_memcpy_4_mem_dual_port_0 (mux inputs: 7)

Running Bipartite Weighted Matching on function: crc32_8bytes

Running Bipartite Weighted Matching on function: func_16
State: LEGUP_F_func_16_BB__4
Binding functional unit type: mem_dual_port
Weight matrix for operation/function unit matching:
                                                  func_16_mem_dual_port_0       func_16_mem_dual_port_1       
  %5 = load i8* @g_2, align 1 (idx: 0)            0                             0                             
Solving Bipartite Weighted Matching (minimize weights)...
Assignment matrix after operation/function unit matching:
                                                  func_16_mem_dual_port_0       func_16_mem_dual_port_1       
  %5 = load i8* @g_2, align 1 (idx: 0)            1                             0                             
Checking that every operator was assigned to a functional unit...yes
Binding operator -> functional unit assignments:
  %5 = load i8* @g_2, align 1 (idx: 0) -> func_16_mem_dual_port_0 (mux inputs: 0)
State: LEGUP_F_func_16_BB__4
Binding functional unit type: mem_dual_port
Weight matrix for operation/function unit matching:
                                                  func_16_mem_dual_port_0       func_16_mem_dual_port_1       
  %11 = load i8* @g_2, align 1 (idx: 0)           0                             0                             
  %13 = load i32* %12, align 4 (idx: 1)           10                            10                            
Solving Bipartite Weighted Matching (minimize weights)...
Assignment matrix after operation/function unit matching:
                                                  func_16_mem_dual_port_0       func_16_mem_dual_port_1       
  %11 = load i8* @g_2, align 1 (idx: 0)           1                             0                             
  %13 = load i32* %12, align 4 (idx: 1)           0                             1                             
Checking that every operator was assigned to a functional unit...yes
Binding operator -> functional unit assignments:
  %11 = load i8* @g_2, align 1 (idx: 0) -> func_16_mem_dual_port_0 (mux inputs: 0)
  %13 = load i32* %12, align 4 (idx: 1) -> func_16_mem_dual_port_1 (mux inputs: 1)
State: LEGUP_F_func_16_BB__4
Binding functional unit type: mem_dual_port
Weight matrix for operation/function unit matching:
  %16 = load i8* @g_2, align 1 can share an output register with another operation already assigned to func_16_mem_dual_port_0
  %16 = load i8* @g_2, align 1 can share an output register with another operation already assigned to func_16_mem_dual_port_1
                                                  func_16_mem_dual_port_0       func_16_mem_dual_port_1       
  %16 = load i8* @g_2, align 1 (idx: 0)           -5                            -4                            
Solving Bipartite Weighted Matching (minimize weights)...
Assignment matrix after operation/function unit matching:
                                                  func_16_mem_dual_port_0       func_16_mem_dual_port_1       
  %16 = load i8* @g_2, align 1 (idx: 0)           1                             0                             
Checking that every operator was assigned to a functional unit...yes
Binding operator -> functional unit assignments:
  %16 = load i8* @g_2, align 1 (idx: 0) -> func_16_mem_dual_port_0 (mux inputs: 0)
State: LEGUP_F_func_16_BB__4
Binding functional unit type: mem_dual_port
Weight matrix for operation/function unit matching:
  %21 = load i8* @g_2, align 1 can share an output register with another operation already assigned to func_16_mem_dual_port_0
  %21 = load i8* @g_2, align 1 can share an output register with another operation already assigned to func_16_mem_dual_port_1
                                                  func_16_mem_dual_port_0       func_16_mem_dual_port_1       
  %21 = load i8* @g_2, align 1 (idx: 0)           -5                            -4                            
Solving Bipartite Weighted Matching (minimize weights)...
Assignment matrix after operation/function unit matching:
                                                  func_16_mem_dual_port_0       func_16_mem_dual_port_1       
  %21 = load i8* @g_2, align 1 (idx: 0)           1                             0                             
Checking that every operator was assigned to a functional unit...yes
Binding operator -> functional unit assignments:
  %21 = load i8* @g_2, align 1 (idx: 0) -> func_16_mem_dual_port_0 (mux inputs: 0)
State: LEGUP_F_func_16_BB__26
Binding functional unit type: mem_dual_port
Weight matrix for operation/function unit matching:
  %27 = load i8* @g_2, align 1 can share an output register with another operation already assigned to func_16_mem_dual_port_0
  %27 = load i8* @g_2, align 1 can share an output register with another operation already assigned to func_16_mem_dual_port_1
                                                  func_16_mem_dual_port_0       func_16_mem_dual_port_1       
  %27 = load i8* @g_2, align 1 (idx: 0)           -5                            -4                            
Solving Bipartite Weighted Matching (minimize weights)...
Assignment matrix after operation/function unit matching:
                                                  func_16_mem_dual_port_0       func_16_mem_dual_port_1       
  %27 = load i8* @g_2, align 1 (idx: 0)           1                             0                             
Checking that every operator was assigned to a functional unit...yes
Binding operator -> functional unit assignments:
  %27 = load i8* @g_2, align 1 (idx: 0) -> func_16_mem_dual_port_0 (mux inputs: 0)
State: LEGUP_F_func_16_BB__30
Binding functional unit type: mem_dual_port
Weight matrix for operation/function unit matching:
  %31 = load i8* @g_2, align 1 can share an output register with another operation already assigned to func_16_mem_dual_port_0
  %31 = load i8* @g_2, align 1 can share an output register with another operation already assigned to func_16_mem_dual_port_1
                                                  func_16_mem_dual_port_0       func_16_mem_dual_port_1       
  %31 = load i8* @g_2, align 1 (idx: 0)           -5                            -4                            
Solving Bipartite Weighted Matching (minimize weights)...
Assignment matrix after operation/function unit matching:
                                                  func_16_mem_dual_port_0       func_16_mem_dual_port_1       
  %31 = load i8* @g_2, align 1 (idx: 0)           1                             0                             
Checking that every operator was assigned to a functional unit...yes
Binding operator -> functional unit assignments:
  %31 = load i8* @g_2, align 1 (idx: 0) -> func_16_mem_dual_port_0 (mux inputs: 0)
State: LEGUP_F_func_16_BB__45
Binding functional unit type: mem_dual_port
Weight matrix for operation/function unit matching:
  %46 = load i8* @g_2, align 1 can share an output register with another operation already assigned to func_16_mem_dual_port_0
  %46 = load i8* @g_2, align 1 can share an output register with another operation already assigned to func_16_mem_dual_port_1
  %48 = load i32* %47, align 4 can share an output register with another operation already assigned to func_16_mem_dual_port_0
  %48 = load i32* %47, align 4 can share an output register with another operation already assigned to func_16_mem_dual_port_1
                                                  func_16_mem_dual_port_0       func_16_mem_dual_port_1       
  %46 = load i8* @g_2, align 1 (idx: 0)           -5                            -4                            
  %48 = load i32* %47, align 4 (idx: 1)           5                             6                             
Solving Bipartite Weighted Matching (minimize weights)...
Assignment matrix after operation/function unit matching:
                                                  func_16_mem_dual_port_0       func_16_mem_dual_port_1       
  %46 = load i8* @g_2, align 1 (idx: 0)           1                             0                             
  %48 = load i32* %47, align 4 (idx: 1)           0                             1                             
Checking that every operator was assigned to a functional unit...yes
Binding operator -> functional unit assignments:
  %46 = load i8* @g_2, align 1 (idx: 0) -> func_16_mem_dual_port_0 (mux inputs: 0)
  %48 = load i32* %47, align 4 (idx: 1) -> func_16_mem_dual_port_1 (mux inputs: 2)
State: LEGUP_F_func_16_BB__50
Binding functional unit type: mem_dual_port
Weight matrix for operation/function unit matching:
  %52 = load i8* @g_2, align 1 can share an output register with another operation already assigned to func_16_mem_dual_port_0
  %52 = load i8* @g_2, align 1 can share an output register with another operation already assigned to func_16_mem_dual_port_1
  %58 = load i32* %57, align 4 can share an output register with another operation already assigned to func_16_mem_dual_port_0
  %58 = load i32* %57, align 4 can share an output register with another operation already assigned to func_16_mem_dual_port_1
                                                  func_16_mem_dual_port_0       func_16_mem_dual_port_1       
  %52 = load i8* @g_2, align 1 (idx: 0)           -5                            -3                            
  %58 = load i32* %57, align 4 (idx: 1)           5                             7                             
Solving Bipartite Weighted Matching (minimize weights)...
Assignment matrix after operation/function unit matching:
                                                  func_16_mem_dual_port_0       func_16_mem_dual_port_1       
  %52 = load i8* @g_2, align 1 (idx: 0)           1                             0                             
  %58 = load i32* %57, align 4 (idx: 1)           0                             1                             
Checking that every operator was assigned to a functional unit...yes
Binding operator -> functional unit assignments:
  %52 = load i8* @g_2, align 1 (idx: 0) -> func_16_mem_dual_port_0 (mux inputs: 0)
  %58 = load i32* %57, align 4 (idx: 1) -> func_16_mem_dual_port_1 (mux inputs: 3)
State: LEGUP_F_func_16_BB__63
Binding functional unit type: mem_dual_port
Weight matrix for operation/function unit matching:
  %65 = load i32* %64, align 4 can share an output register with another operation already assigned to func_16_mem_dual_port_0
  %65 = load i32* %64, align 4 can share an output register with another operation already assigned to func_16_mem_dual_port_1
                                                  func_16_mem_dual_port_0       func_16_mem_dual_port_1       
  %65 = load i32* %64, align 4 (idx: 0)           5                             8                             
Solving Bipartite Weighted Matching (minimize weights)...
Assignment matrix after operation/function unit matching:
                                                  func_16_mem_dual_port_0       func_16_mem_dual_port_1       
  %65 = load i32* %64, align 4 (idx: 0)           1                             0                             
Checking that every operator was assigned to a functional unit...yes
Binding operator -> functional unit assignments:
  %65 = load i32* %64, align 4 (idx: 0) -> func_16_mem_dual_port_0 (mux inputs: 1)
State: LEGUP_F_func_16_BB__63
Binding functional unit type: mem_dual_port
Weight matrix for operation/function unit matching:
  %69 = load i8* @g_2, align 1 can share an output register with another operation already assigned to func_16_mem_dual_port_0
  %69 = load i8* @g_2, align 1 can share an output register with another operation already assigned to func_16_mem_dual_port_1
                                                  func_16_mem_dual_port_0       func_16_mem_dual_port_1       
  %69 = load i8* @g_2, align 1 (idx: 0)           -4                            -2                            
Solving Bipartite Weighted Matching (minimize weights)...
Assignment matrix after operation/function unit matching:
                                                  func_16_mem_dual_port_0       func_16_mem_dual_port_1       
  %69 = load i8* @g_2, align 1 (idx: 0)           1                             0                             
Checking that every operator was assigned to a functional unit...yes
Binding operator -> functional unit assignments:
  %69 = load i8* @g_2, align 1 (idx: 0) -> func_16_mem_dual_port_0 (mux inputs: 1)
State: LEGUP_F_func_16_BB__74
Binding functional unit type: mem_dual_port
Weight matrix for operation/function unit matching:
  %75 = load i8* @g_2, align 1 can share an output register with another operation already assigned to func_16_mem_dual_port_0
  %75 = load i8* @g_2, align 1 can share an output register with another operation already assigned to func_16_mem_dual_port_1
                                                  func_16_mem_dual_port_0       func_16_mem_dual_port_1       
  %75 = load i8* @g_2, align 1 (idx: 0)           -4                            -2                            
Solving Bipartite Weighted Matching (minimize weights)...
Assignment matrix after operation/function unit matching:
                                                  func_16_mem_dual_port_0       func_16_mem_dual_port_1       
  %75 = load i8* @g_2, align 1 (idx: 0)           1                             0                             
Checking that every operator was assigned to a functional unit...yes
Binding operator -> functional unit assignments:
  %75 = load i8* @g_2, align 1 (idx: 0) -> func_16_mem_dual_port_0 (mux inputs: 1)
State: LEGUP_F_func_16_BB__74
Binding functional unit type: mem_dual_port
Weight matrix for operation/function unit matching:
  %82 = load i32* %81, align 4 can share an output register with another operation already assigned to func_16_mem_dual_port_0
  %82 = load i32* %81, align 4 can share an output register with another operation already assigned to func_16_mem_dual_port_1
                                                  func_16_mem_dual_port_0       func_16_mem_dual_port_1       
  %82 = load i32* %81, align 4 (idx: 0)           6                             8                             
Solving Bipartite Weighted Matching (minimize weights)...
Assignment matrix after operation/function unit matching:
                                                  func_16_mem_dual_port_0       func_16_mem_dual_port_1       
  %82 = load i32* %81, align 4 (idx: 0)           1                             0                             
Checking that every operator was assigned to a functional unit...yes
Binding operator -> functional unit assignments:
  %82 = load i32* %81, align 4 (idx: 0) -> func_16_mem_dual_port_0 (mux inputs: 2)
State: LEGUP_F_func_16_BB__74
Binding functional unit type: mem_dual_port
Weight matrix for operation/function unit matching:
  %89 = load i8* @g_2, align 1 can share an output register with another operation already assigned to func_16_mem_dual_port_0
  %89 = load i8* @g_2, align 1 can share an output register with another operation already assigned to func_16_mem_dual_port_1
                                                  func_16_mem_dual_port_0       func_16_mem_dual_port_1       
  %89 = load i8* @g_2, align 1 (idx: 0)           -3                            -2                            
Solving Bipartite Weighted Matching (minimize weights)...
Assignment matrix after operation/function unit matching:
                                                  func_16_mem_dual_port_0       func_16_mem_dual_port_1       
  %89 = load i8* @g_2, align 1 (idx: 0)           1                             0                             
Checking that every operator was assigned to a functional unit...yes
Binding operator -> functional unit assignments:
  %89 = load i8* @g_2, align 1 (idx: 0) -> func_16_mem_dual_port_0 (mux inputs: 2)
State: LEGUP_F_func_16_BB__74
Binding functional unit type: mem_dual_port
Weight matrix for operation/function unit matching:
  store i32 %92, i32* geteleme... can share an output register with another operation already assigned to func_16_mem_dual_port_0
  store i32 %92, i32* geteleme... can share an output register with another operation already assigned to func_16_mem_dual_port_1
  %94 = load i8* @g_2, align 1 can share an output register with another operation already assigned to func_16_mem_dual_port_0
  %94 = load i8* @g_2, align 1 can share an output register with another operation already assigned to func_16_mem_dual_port_1
                                                  func_16_mem_dual_port_0       func_16_mem_dual_port_1       
  store i32 %92, i32* geteleme... (idx: 0)        7                             8                             
  %94 = load i8* @g_2, align 1 (idx: 1)           -3                            -2                            
Solving Bipartite Weighted Matching (minimize weights)...
Assignment matrix after operation/function unit matching:
                                                  func_16_mem_dual_port_0       func_16_mem_dual_port_1       
  store i32 %92, i32* geteleme... (idx: 0)        1                             0                             
  %94 = load i8* @g_2, align 1 (idx: 1)           0                             1                             
Checking that every operator was assigned to a functional unit...yes
Binding operator -> functional unit assignments:
  store i32 %92, i32* geteleme... (idx: 0) -> func_16_mem_dual_port_0 (mux inputs: 3)
  %94 = load i8* @g_2, align 1 (idx: 1) -> func_16_mem_dual_port_1 (mux inputs: 3)
State: LEGUP_F_func_16_BB__98
Binding functional unit type: mem_dual_port
Weight matrix for operation/function unit matching:
  %99 = load i32* getelementpt... can share an output register with another operation already assigned to func_16_mem_dual_port_0
  %99 = load i32* getelementpt... can share an output register with another operation already assigned to func_16_mem_dual_port_1
                                                  func_16_mem_dual_port_0       func_16_mem_dual_port_1       
  %99 = load i32* getelementpt... (idx: 0)        -2                            -2                            
Solving Bipartite Weighted Matching (minimize weights)...
Assignment matrix after operation/function unit matching:
                                                  func_16_mem_dual_port_0       func_16_mem_dual_port_1       
  %99 = load i32* getelementpt... (idx: 0)        1                             0                             
Checking that every operator was assigned to a functional unit...yes
Binding operator -> functional unit assignments:
  %99 = load i32* getelementpt... (idx: 0) -> func_16_mem_dual_port_0 (mux inputs: 3)

Running Bipartite Weighted Matching on function: func_1
State: LEGUP_F_func_1_BB__0
Binding functional unit type: mem_dual_port
Weight matrix for operation/function unit matching:
                                                  func_1_mem_dual_port_0        func_1_mem_dual_port_1        
  %2 = load i8* @g_2, align 1 (idx: 0)            0                             0                             
  %5 = load i16* %4, align 2 (idx: 1)             10                            10                            
Solving Bipartite Weighted Matching (minimize weights)...
Assignment matrix after operation/function unit matching:
                                                  func_1_mem_dual_port_0        func_1_mem_dual_port_1        
  %2 = load i8* @g_2, align 1 (idx: 0)            1                             0                             
  %5 = load i16* %4, align 2 (idx: 1)             0                             1                             
Checking that every operator was assigned to a functional unit...yes
Binding operator -> functional unit assignments:
  %2 = load i8* @g_2, align 1 (idx: 0) -> func_1_mem_dual_port_0 (mux inputs: 0)
  %5 = load i16* %4, align 2 (idx: 1) -> func_1_mem_dual_port_1 (mux inputs: 1)
State: LEGUP_F_func_1_BB__0
Binding functional unit type: mem_dual_port
Weight matrix for operation/function unit matching:
  %8 = load i8* @g_2, align 1 can share an output register with another operation already assigned to func_1_mem_dual_port_0
  %8 = load i8* @g_2, align 1 can share an output register with another operation already assigned to func_1_mem_dual_port_1
                                                  func_1_mem_dual_port_0        func_1_mem_dual_port_1        
  %8 = load i8* @g_2, align 1 (idx: 0)            -5                            -4                            
Solving Bipartite Weighted Matching (minimize weights)...
Assignment matrix after operation/function unit matching:
                                                  func_1_mem_dual_port_0        func_1_mem_dual_port_1        
  %8 = load i8* @g_2, align 1 (idx: 0)            1                             0                             
Checking that every operator was assigned to a functional unit...yes
Binding operator -> functional unit assignments:
  %8 = load i8* @g_2, align 1 (idx: 0) -> func_1_mem_dual_port_0 (mux inputs: 0)
State: LEGUP_F_func_1_BB__0
Binding functional unit type: mem_dual_port
Weight matrix for operation/function unit matching:
  %10 = load i8* @g_2, align 1 can share an output register with another operation already assigned to func_1_mem_dual_port_0
  %10 = load i8* @g_2, align 1 can share an output register with another operation already assigned to func_1_mem_dual_port_1
                                                  func_1_mem_dual_port_0        func_1_mem_dual_port_1        
  %10 = load i8* @g_2, align 1 (idx: 0)           -5                            -4                            
Solving Bipartite Weighted Matching (minimize weights)...
Assignment matrix after operation/function unit matching:
                                                  func_1_mem_dual_port_0        func_1_mem_dual_port_1        
  %10 = load i8* @g_2, align 1 (idx: 0)           1                             0                             
Checking that every operator was assigned to a functional unit...yes
Binding operator -> functional unit assignments:
  %10 = load i8* @g_2, align 1 (idx: 0) -> func_1_mem_dual_port_0 (mux inputs: 0)
State: LEGUP_F_func_1_BB__0
Binding functional unit type: mem_dual_port
Weight matrix for operation/function unit matching:
  %15 = load i16* %14, align 2 can share an output register with another operation already assigned to func_1_mem_dual_port_0
  %15 = load i16* %14, align 2 can share an output register with another operation already assigned to func_1_mem_dual_port_1
                                                  func_1_mem_dual_port_0        func_1_mem_dual_port_1        
  %15 = load i16* %14, align 2 (idx: 0)           5                             6                             
Solving Bipartite Weighted Matching (minimize weights)...
Assignment matrix after operation/function unit matching:
                                                  func_1_mem_dual_port_0        func_1_mem_dual_port_1        
  %15 = load i16* %14, align 2 (idx: 0)           1                             0                             
Checking that every operator was assigned to a functional unit...yes
Binding operator -> functional unit assignments:
  %15 = load i16* %14, align 2 (idx: 0) -> func_1_mem_dual_port_0 (mux inputs: 1)
State: LEGUP_F_func_1_BB__18
Binding functional unit type: mem_dual_port
Weight matrix for operation/function unit matching:
  %21 = load i8* @g_2, align 1 can share an output register with another operation already assigned to func_1_mem_dual_port_0
  %21 = load i8* @g_2, align 1 can share an output register with another operation already assigned to func_1_mem_dual_port_1
                                                  func_1_mem_dual_port_0        func_1_mem_dual_port_1        
  %21 = load i8* @g_2, align 1 (idx: 0)           -4                            -4                            
Solving Bipartite Weighted Matching (minimize weights)...
Assignment matrix after operation/function unit matching:
                                                  func_1_mem_dual_port_0        func_1_mem_dual_port_1        
  %21 = load i8* @g_2, align 1 (idx: 0)           1                             0                             
Checking that every operator was assigned to a functional unit...yes
Binding operator -> functional unit assignments:
  %21 = load i8* @g_2, align 1 (idx: 0) -> func_1_mem_dual_port_0 (mux inputs: 1)
State: LEGUP_F_func_1_BB__18
Binding functional unit type: mem_dual_port
Weight matrix for operation/function unit matching:
  %25 = load i8* @g_2, align 1 can share an output register with another operation already assigned to func_1_mem_dual_port_0
  %25 = load i8* @g_2, align 1 can share an output register with another operation already assigned to func_1_mem_dual_port_1
  %29 = load i16* %28, align 2 can share an output register with another operation already assigned to func_1_mem_dual_port_0
  %29 = load i16* %28, align 2 can share an output register with another operation already assigned to func_1_mem_dual_port_1
                                                  func_1_mem_dual_port_0        func_1_mem_dual_port_1        
  %25 = load i8* @g_2, align 1 (idx: 0)           -4                            -4                            
  %29 = load i16* %28, align 2 (idx: 1)           6                             6                             
Solving Bipartite Weighted Matching (minimize weights)...
Assignment matrix after operation/function unit matching:
                                                  func_1_mem_dual_port_0        func_1_mem_dual_port_1        
  %25 = load i8* @g_2, align 1 (idx: 0)           1                             0                             
  %29 = load i16* %28, align 2 (idx: 1)           0                             1                             
Checking that every operator was assigned to a functional unit...yes
Binding operator -> functional unit assignments:
  %25 = load i8* @g_2, align 1 (idx: 0) -> func_1_mem_dual_port_0 (mux inputs: 1)
  %29 = load i16* %28, align 2 (idx: 1) -> func_1_mem_dual_port_1 (mux inputs: 2)
State: LEGUP_F_func_1_BB__18
Binding functional unit type: mem_dual_port
Weight matrix for operation/function unit matching:
  %32 = load i8* @g_2, align 1 can share an output register with another operation already assigned to func_1_mem_dual_port_0
  %32 = load i8* @g_2, align 1 can share an output register with another operation already assigned to func_1_mem_dual_port_1
                                                  func_1_mem_dual_port_0        func_1_mem_dual_port_1        
  %32 = load i8* @g_2, align 1 (idx: 0)           -4                            -3                            
Solving Bipartite Weighted Matching (minimize weights)...
Assignment matrix after operation/function unit matching:
                                                  func_1_mem_dual_port_0        func_1_mem_dual_port_1        
  %32 = load i8* @g_2, align 1 (idx: 0)           1                             0                             
Checking that every operator was assigned to a functional unit...yes
Binding operator -> functional unit assignments:
  %32 = load i8* @g_2, align 1 (idx: 0) -> func_1_mem_dual_port_0 (mux inputs: 1)
State: LEGUP_F_func_1_BB__18
Binding functional unit type: mem_dual_port
Weight matrix for operation/function unit matching:
  %35 = load volatile i32* @g_... can share an output register with another operation already assigned to func_1_mem_dual_port_0
  %35 = load volatile i32* @g_... can share an output register with another operation already assigned to func_1_mem_dual_port_1
                                                  func_1_mem_dual_port_0        func_1_mem_dual_port_1        
  %35 = load volatile i32* @g_... (idx: 0)        -4                            -3                            
Solving Bipartite Weighted Matching (minimize weights)...
Assignment matrix after operation/function unit matching:
                                                  func_1_mem_dual_port_0        func_1_mem_dual_port_1        
  %35 = load volatile i32* @g_... (idx: 0)        1                             0                             
Checking that every operator was assigned to a functional unit...yes
Binding operator -> functional unit assignments:
  %35 = load volatile i32* @g_... (idx: 0) -> func_1_mem_dual_port_0 (mux inputs: 1)

Running Bipartite Weighted Matching on function: transparent_crc
State: LEGUP_F_transparent_crc_BB__2
Binding functional unit type: mem_dual_port
Weight matrix for operation/function unit matching:
                                                  transparent_crc_mem_dual_port_0
  %3 = load i32* @crc32_contex... (idx: 0)        0                             
Solving Bipartite Weighted Matching (minimize weights)...
Assignment matrix after operation/function unit matching:
                                                  transparent_crc_mem_dual_port_0
  %3 = load i32* @crc32_contex... (idx: 0)        1                             
Checking that every operator was assigned to a functional unit...yes
Binding operator -> functional unit assignments:
  %3 = load i32* @crc32_contex... (idx: 0) -> transparent_crc_mem_dual_port_0 (mux inputs: 0)

Running Bipartite Weighted Matching on function: main
State: LEGUP_F_main_BB__0
Binding functional unit type: mem_dual_port
Weight matrix for operation/function unit matching:
                                                  main_mem_dual_port_0          
  %2 = load i8* @g_2, align 1 (idx: 0)            0                             
Solving Bipartite Weighted Matching (minimize weights)...
Assignment matrix after operation/function unit matching:
                                                  main_mem_dual_port_0          
  %2 = load i8* @g_2, align 1 (idx: 0)            1                             
Checking that every operator was assigned to a functional unit...yes
Binding operator -> functional unit assignments:
  %2 = load i8* @g_2, align 1 (idx: 0) -> main_mem_dual_port_0 (mux inputs: 0)
State: LEGUP_F_main_BB__6
Binding functional unit type: mem_dual_port
Weight matrix for operation/function unit matching:
  %7 = load i32* %scevgep, ali... can share an output register with another operation already assigned to main_mem_dual_port_0
                                                  main_mem_dual_port_0          
  %7 = load i32* %scevgep, ali... (idx: 0)        5                             
Solving Bipartite Weighted Matching (minimize weights)...
Assignment matrix after operation/function unit matching:
                                                  main_mem_dual_port_0          
  %7 = load i32* %scevgep, ali... (idx: 0)        1                             
Checking that every operator was assigned to a functional unit...yes
Binding operator -> functional unit assignments:
  %7 = load i32* %scevgep, ali... (idx: 0) -> main_mem_dual_port_0 (mux inputs: 1)
State: LEGUP_F_main_BB__13
Binding functional unit type: mem_dual_port
Weight matrix for operation/function unit matching:
  %14 = load volatile i32* @g_... can share an output register with another operation already assigned to main_mem_dual_port_0
                                                  main_mem_dual_port_0          
  %14 = load volatile i32* @g_... (idx: 0)        -4                            
Solving Bipartite Weighted Matching (minimize weights)...
Assignment matrix after operation/function unit matching:
                                                  main_mem_dual_port_0          
  %14 = load volatile i32* @g_... (idx: 0)        1                             
Checking that every operator was assigned to a functional unit...yes
Binding operator -> functional unit assignments:
  %14 = load volatile i32* @g_... (idx: 0) -> main_mem_dual_port_0 (mux inputs: 1)
State: LEGUP_F_main_BB__13
Binding functional unit type: mem_dual_port
Weight matrix for operation/function unit matching:
  %16 = load i32* @crc32_conte... can share an output register with another operation already assigned to main_mem_dual_port_0
                                                  main_mem_dual_port_0          
  %16 = load i32* @crc32_conte... (idx: 0)        -4                            
Solving Bipartite Weighted Matching (minimize weights)...
Assignment matrix after operation/function unit matching:
                                                  main_mem_dual_port_0          
  %16 = load i32* @crc32_conte... (idx: 0)        1                             
Checking that every operator was assigned to a functional unit...yes
Binding operator -> functional unit assignments:
  %16 = load i32* @crc32_conte... (idx: 0) -> main_mem_dual_port_0 (mux inputs: 1)

