//----------------------------------------------------------------------------//
// Generated by LegUp High-Level Synthesis Tool Version 4.0 (http://legup.org)
// Compiled: Mon Jun  5 16:23:28 2017
// University of Toronto
// For research and academic purposes only. Commercial use is prohibited.
// Please send bugs to: legup@eecg.toronto.edu
// Date: Tue Jun 13 14:59:16 2017
//----------------------------------------------------------------------------//

allocateRAM: @g_2
Constant: 0
allocateRAM: @.str
Constant: 1
allocateRAM: @g_70
Constant: 0
allocateRAM: @.str1
Constant: 1
allocateRAM: @g_74
Constant: 0
allocateRAM: @.str3
Constant: 1
allocateRAM: @crc32_context
Constant: 0
allocateRAM: @crc32_tab
Constant: 0
allocateRAM: @func_1.l_9
Constant: 1
allocateRAM: @func_16.l_50
Constant: 1
allocating global ram: @g_2
allocating global ram: @.str
allocating global ram: @g_70
allocating global ram: @.str1
allocating global ram: @g_74
allocating global ram: @.str3
allocating global ram: @crc32_context
allocating global ram: @crc32_tab
allocating global ram: @func_1.l_9
allocating global ram: @func_16.l_50
allocateRAM: %l_9
Constant: 0
allocateRAM: %l_50
Constant: 0
allocateRAM: %1
Constant: 0
allocateRAM: %dt
Constant: 0
allocateRAM: %st
Constant: 0
allocateRAM: %1
Constant: 0
allocateRAM: %dt
Constant: 0
allocateRAM: %st
Constant: 0
