//----------------------------------------------------------------------------//
// Generated by LegUp High-Level Synthesis Tool Version 4.0 (http://legup.org)
// Compiled: Mon Jun  5 16:23:28 2017
// University of Toronto
// For research and academic purposes only. Commercial use is prohibited.
// Please send bugs to: legup@eecg.toronto.edu
// Date: Tue Jun 13 14:59:16 2017
//----------------------------------------------------------------------------//

-----------------Function: safe_div_func_uint16_t_u_u---------------
-------------------------1---------------------------
-----------------Delay of path:20.00 ns---------------
-----------------State:LEGUP_F_safe_div_func_uint16_t_u_u_BB__3_3-----------------
(20.00 ns) --- (20.00 ns) ---   %div = udiv i16 %ui1, %ui2

-----------------Function: safe_div_func_int8_t_s_s---------------
-------------------------2---------------------------
-----------------Delay of path:20.00 ns---------------
-----------------State:LEGUP_F_safe_div_func_int8_t_s_s_BB__8_5-----------------
(0.00 ns) --- (0.00 ns) ---   %10 = sext i8 %si2 to i32
(20.00 ns) --- (20.00 ns) ---   %11 = sdiv i32 %9, %10

-----------------Function: safe_div_func_int8_t_s_s---------------
-------------------------3---------------------------
-----------------Delay of path:20.00 ns---------------
-----------------State:LEGUP_F_safe_div_func_int8_t_s_s_BB__8_5-----------------
(0.00 ns) --- (0.00 ns) ---   %9 = sext i8 %si1 to i32
(20.00 ns) --- (20.00 ns) ---   %11 = sdiv i32 %9, %10

-----------------Function: safe_mod_func_int16_t_s_s---------------
-------------------------4---------------------------
-----------------Delay of path:20.00 ns---------------
-----------------State:LEGUP_F_safe_mod_func_int16_t_s_s_BB__8_5-----------------
(0.00 ns) --- (0.00 ns) ---   %10 = sext i16 %si2 to i32
(20.00 ns) --- (20.00 ns) ---   %11 = srem i32 %9, %10

-----------------Function: safe_mod_func_int16_t_s_s---------------
-------------------------5---------------------------
-----------------Delay of path:20.00 ns---------------
-----------------State:LEGUP_F_safe_mod_func_int16_t_s_s_BB__8_5-----------------
(0.00 ns) --- (0.00 ns) ---   %9 = sext i16 %si1 to i32
(20.00 ns) --- (20.00 ns) ---   %11 = srem i32 %9, %10

-----------------Function: safe_div_func_int32_t_s_s---------------
-------------------------6---------------------------
-----------------Delay of path:20.00 ns---------------
-----------------State:LEGUP_F_safe_div_func_int32_t_s_s_BB__7_5-----------------
(20.00 ns) --- (20.00 ns) ---   %8 = sdiv i32 %si1, %si2

-----------------Function: safe_mod_func_int8_t_s_s---------------
-------------------------7---------------------------
-----------------Delay of path:20.00 ns---------------
-----------------State:LEGUP_F_safe_mod_func_int8_t_s_s_BB__8_5-----------------
(0.00 ns) --- (0.00 ns) ---   %10 = sext i8 %si2 to i32
(20.00 ns) --- (20.00 ns) ---   %11 = srem i32 %9, %10

-----------------Function: safe_mod_func_int8_t_s_s---------------
-------------------------8---------------------------
-----------------Delay of path:20.00 ns---------------
-----------------State:LEGUP_F_safe_mod_func_int8_t_s_s_BB__8_5-----------------
(0.00 ns) --- (0.00 ns) ---   %9 = sext i8 %si1 to i32
(20.00 ns) --- (20.00 ns) ---   %11 = srem i32 %9, %10

-----------------Function: safe_mod_func_uint8_t_u_u---------------
-------------------------9---------------------------
-----------------Delay of path:13.99 ns---------------
-----------------State:LEGUP_F_safe_mod_func_uint8_t_u_u_BB__3_3-----------------
(13.99 ns) --- (13.99 ns) ---   %4 = urem i8 %ui1, %ui2

-----------------Function: safe_sub_func_int32_t_s_s---------------
-------------------------10---------------------------
-----------------Delay of path:9.35 ns---------------
-----------------State:LEGUP_F_safe_sub_func_int32_t_s_s_BB__0_1-----------------
(0.91 ns) --- (0.91 ns) ---   %2 = xor i32 %si1, %si2
(0.00 ns) --- (0.91 ns) ---   %3 = and i32 %2, -2147483648
(0.91 ns) --- (1.82 ns) ---   %4 = xor i32 %3, %si1
(2.40 ns) --- (4.22 ns) ---   %5 = sub nsw i32 %4, %si2
(0.91 ns) --- (5.13 ns) ---   %6 = xor i32 %5, %si2
(0.87 ns) --- (5.99 ns) ---   %7 = and i32 %1, %6
(3.36 ns) --- (9.35 ns) ---   %8 = icmp slt i32 %7, 0
(0.00 ns) --- (9.35 ns) ---   br i1 %8, label %9, label %10


