//----------------------------------------------------------------------------//
// Generated by LegUp High-Level Synthesis Tool Version 4.0 (http://legup.org)
// Compiled: Mon Jun  5 16:23:28 2017
// University of Toronto
// For research and academic purposes only. Commercial use is prohibited.
// Please send bugs to: legup@eecg.toronto.edu
// Date: Mon Jun 12 19:49:21 2017
//----------------------------------------------------------------------------//

allocateRAM: @g_2
Constant: 0
allocateRAM: @.str
Constant: 1
allocateRAM: @g_6
Constant: 0
allocateRAM: @.str1
Constant: 1
allocateRAM: @g_7
Constant: 0
allocateRAM: @.str2
Constant: 1
allocateRAM: @g_8
Constant: 0
allocateRAM: @.str4
Constant: 1
allocateRAM: @g_40
Constant: 0
allocateRAM: @.str5
Constant: 1
allocateRAM: @g_49
Constant: 0
allocateRAM: @.str6
Constant: 1
allocateRAM: @g_55
Constant: 0
allocateRAM: @.str8
Constant: 1
allocateRAM: @g_64
Constant: 0
allocateRAM: @.str9
Constant: 1
allocateRAM: @g_78
Constant: 0
allocateRAM: @.str10
Constant: 1
allocateRAM: @crc32_context
Constant: 0
allocateRAM: @crc32_tab
Constant: 0
allocateRAM: @func_1.l_82
Constant: 1
allocateRAM: @func_3.l_41
Constant: 1
allocateRAM: @func_3.l_67
Constant: 1
allocateRAM: @func_3.l_10
Constant: 1
allocateRAM: @func_13.l_52
Constant: 1
allocating global ram: @g_2
allocating global ram: @.str
allocating global ram: @g_6
allocating global ram: @.str1
allocating global ram: @g_7
allocating global ram: @.str2
allocating global ram: @g_8
allocating global ram: @.str4
allocating global ram: @g_40
allocating global ram: @.str5
allocating global ram: @g_49
allocating global ram: @.str6
allocating global ram: @g_55
allocating global ram: @.str8
allocating global ram: @g_64
allocating global ram: @.str9
allocating global ram: @g_78
allocating global ram: @.str10
allocating global ram: @crc32_context
allocating global ram: @crc32_tab
allocating global ram: @func_1.l_82
allocating global ram: @func_3.l_41
allocating global ram: @func_3.l_67
allocating global ram: @func_3.l_10
allocating global ram: @func_13.l_52
allocateRAM: %l_82
Constant: 0
allocateRAM: %l_41
Constant: 0
allocateRAM: %l_67
Constant: 0
allocateRAM: %l_10
Constant: 0
allocateRAM: %l_52
Constant: 0
allocateRAM: %1
Constant: 0
allocateRAM: %dt
Constant: 0
allocateRAM: %st
Constant: 0
allocateRAM: %1
Constant: 0
allocateRAM: %dt
Constant: 0
allocateRAM: %st
Constant: 0
allocateRAM: %1
Constant: 0
allocateRAM: %dt
Constant: 0
allocateRAM: %st
Constant: 0
