//----------------------------------------------------------------------------//
// Generated by LegUp High-Level Synthesis Tool Version 4.0 (http://legup.org)
// Compiled: Mon Jun  5 16:23:28 2017
// University of Toronto
// For research and academic purposes only. Commercial use is prohibited.
// Please send bugs to: legup@eecg.toronto.edu
// Date: Mon Jun 12 19:49:21 2017
//----------------------------------------------------------------------------//

-------------------------- Datapath Operation Usage --------------------------

Operation "unknown" x 369 
Operation "bitwise_AND_32" x 3 
Operation "bitwise_OR_16" x 1 
Operation "bitwise_OR_8" x 1 
Operation "bitwise_XOR_32" x 6 
Operation "bitwise_XOR_8" x 2 
Operation "shift_ll_32" x 2 
Operation "shift_rl_32" x 4 
Operation "signed_add_16" x 1 
Operation "signed_add_32" x 17 
Operation "signed_add_8" x 2 
Operation "signed_comp_eq_16" x 7 
Operation "signed_comp_eq_32" x 19 
Operation "signed_comp_eq_8" x 4 
Operation "signed_comp_gt_32" x 9 
Operation "signed_comp_lt_32" x 6 
Operation "signed_divide_32" x 1 
Operation "signed_modulus_32" x 1 
Operation "signed_multiply_8" x 2 
Operation "signed_subtract_32" x 3 
Operation "signed_subtract_8" x 2 
Operation "unsigned_comp_gt_16" x 2 
Operation "unsigned_comp_gt_32" x 1 
Operation "unsigned_comp_lt_32" x 2 
Operation "unsigned_comp_lte_32" x 1 
Operation "unsigned_divide_32" x 1 
Operation "unsigned_divide_8" x 1 
Operation "unsigned_modulus_8" x 1 

----------------------------- General Information -----------------------------

Number of declared variables in main: 445
Critical path contains operation: signed_modulus_32

------------------------------ Resource Estimate ------------------------------

Fmax: 12 MHz
Note: Assuming only 87 DSPs available
Warning: These estimates don't account for binding yet!
Logic Elements: 11904
    Combinational: 6544
    Registers: 10462
DSP Elements: 2
