//----------------------------------------------------------------------------//
// Generated by LegUp High-Level Synthesis Tool Version 4.0 (http://legup.org)
// Compiled: Mon Jun  5 16:23:28 2017
// University of Toronto
// For research and academic purposes only. Commercial use is prohibited.
// Please send bugs to: legup@eecg.toronto.edu
// Date: Mon Jun 12 19:49:21 2017
//----------------------------------------------------------------------------//

-----------------Function: func_3---------------
-------------------------1---------------------------
-----------------Delay of path:20.00 ns---------------
-----------------State:LEGUP_F_func_3_BB__89_82-----------------
(20.00 ns) --- (20.00 ns) ---   %93 = xor i1 %86, %92
(0.00 ns) --- (20.00 ns) ---   %94 = zext i1 %93 to i16

-----------------Function: safe_div_func_uint32_t_u_u---------------
-------------------------2---------------------------
-----------------Delay of path:20.00 ns---------------
-----------------State:LEGUP_F_safe_div_func_uint32_t_u_u_BB__3_3-----------------
(20.00 ns) --- (20.00 ns) ---   %4 = udiv i32 %ui1, %ui2

-----------------Function: safe_mod_func_int16_t_s_s---------------
-------------------------3---------------------------
-----------------Delay of path:20.00 ns---------------
-----------------State:LEGUP_F_safe_mod_func_int16_t_s_s_BB__8_5-----------------
(0.00 ns) --- (0.00 ns) ---   %10 = sext i16 %si2 to i32
(20.00 ns) --- (20.00 ns) ---   %11 = srem i32 %9, %10

-----------------Function: safe_mod_func_int16_t_s_s---------------
-------------------------4---------------------------
-----------------Delay of path:20.00 ns---------------
-----------------State:LEGUP_F_safe_mod_func_int16_t_s_s_BB__8_5-----------------
(0.00 ns) --- (0.00 ns) ---   %9 = sext i16 %si1 to i32
(20.00 ns) --- (20.00 ns) ---   %11 = srem i32 %9, %10

-----------------Function: safe_div_func_int16_t_s_s---------------
-------------------------5---------------------------
-----------------Delay of path:20.00 ns---------------
-----------------State:LEGUP_F_safe_div_func_int16_t_s_s_BB__8_5-----------------
(0.00 ns) --- (0.00 ns) ---   %10 = sext i16 %si2 to i32
(20.00 ns) --- (20.00 ns) ---   %11 = sdiv i32 %9, %10

-----------------Function: safe_div_func_int16_t_s_s---------------
-------------------------6---------------------------
-----------------Delay of path:20.00 ns---------------
-----------------State:LEGUP_F_safe_div_func_int16_t_s_s_BB__8_5-----------------
(0.00 ns) --- (0.00 ns) ---   %9 = sext i16 %si1 to i32
(20.00 ns) --- (20.00 ns) ---   %11 = sdiv i32 %9, %10

-----------------Function: safe_mod_func_uint8_t_u_u---------------
-------------------------7---------------------------
-----------------Delay of path:13.99 ns---------------
-----------------State:LEGUP_F_safe_mod_func_uint8_t_u_u_BB__3_3-----------------
(13.99 ns) --- (13.99 ns) ---   %4 = urem i8 %ui1, %ui2

-----------------Function: safe_div_func_uint8_t_u_u---------------
-------------------------8---------------------------
-----------------Delay of path:13.08 ns---------------
-----------------State:LEGUP_F_safe_div_func_uint8_t_u_u_BB__3_3-----------------
(13.08 ns) --- (13.08 ns) ---   %div = udiv i8 %ui1, %ui2

-----------------Function: safe_lshift_func_uint8_t_u_s---------------
-------------------------9---------------------------
-----------------Delay of path:6.48 ns---------------
-----------------State:LEGUP_F_safe_lshift_func_uint8_t_u_s_BB__4_3-----------------
(3.35 ns) --- (3.35 ns) ---   %6 = lshr i32 255, %right
(3.13 ns) --- (6.48 ns) ---   %7 = icmp sgt i32 %5, %6
(0.00 ns) --- (6.48 ns) ---   br i1 %7, label %8, label %10

-----------------Function: safe_lshift_func_uint16_t_u_s---------------
-------------------------10---------------------------
-----------------Delay of path:6.48 ns---------------
-----------------State:LEGUP_F_safe_lshift_func_uint16_t_u_s_BB__4_3-----------------
(3.35 ns) --- (3.35 ns) ---   %6 = lshr i32 65535, %right
(3.13 ns) --- (6.48 ns) ---   %7 = icmp sgt i32 %5, %6
(0.00 ns) --- (6.48 ns) ---   br i1 %7, label %8, label %10


